#
# A fatal error has been detected by the Java Runtime Environment:
#
#  EXCEPTION_ACCESS_VIOLATION (0xc0000005) at pc=0x00007ff97c2ec64d, pid=24176, tid=3196
#
# JRE version: OpenJDK Runtime Environment Temurin-18.0.2+9 (18.0.2+9) (build 18.0.2+9)
# Java VM: OpenJDK 64-Bit Server VM Temurin-18.0.2+9 (18.0.2+9, mixed mode, tiered, compressed oops, compressed class ptrs, g1 gc, windows-amd64)
# Problematic frame:
# C  [lwjgl_opengl.dll+0xc64d]
#
# No core dump will be written. Minidumps are not enabled by default on client versions of Windows
#
# If you would like to submit a bug report, please visit:
#   https://github.com/adoptium/adoptium-support/issues
# The crash happened outside the Java Virtual Machine in native code.
# See problematic frame for where to report the bug.
#

---------------  S U M M A R Y ------------

Command Line: -Dfile.encoding=UTF-8 -XX:+ShowCodeDetailsInExceptionMessages engine.Main

Host: AMD Ryzen 3 3200G with Radeon Vega Graphics    , 4 cores, 13G,  Windows 11 , 64 bit Build 22000 (10.0.22000.708)
Time: Thu Aug 25 18:06:25 2022 GMT Summer Time elapsed time: 0.332799 seconds (0d 0h 0m 0s)

---------------  T H R E A D  ---------------

Current thread (0x000002bd46ff76c0):  JavaThread "main" [_thread_in_native, id=3196, stack(0x000000dcda400000,0x000000dcda500000)]

Stack: [0x000000dcda400000,0x000000dcda500000],  sp=0x000000dcda4ff418,  free space=1021k
Native frames: (J=compiled Java code, j=interpreted, Vv=VM code, C=native code)
C  [lwjgl_opengl.dll+0xc64d]

Java frames: (J=compiled Java code, j=interpreted, Vv=VM code)
j  org.lwjgl.opengl.GL11C.nglGenTextures(IJ)V+0
j  org.lwjgl.opengl.GL11C.glGenTextures()I+20
j  org.lwjgl.opengl.GL11.glGenTextures()I+0
j  engine.renderer.Texture.load(Ljava/lang/String;)I+176
j  engine.renderer.Texture.<init>(Ljava/lang/String;)V+7
j  engine.Main.<init>()V+11
j  engine.Main.main([Ljava/lang/String;)V+4
v  ~StubRoutines::call_stub

siginfo: EXCEPTION_ACCESS_VIOLATION (0xc0000005), reading address 0x00000000000002d8


Register to memory mapping:

RIP=0x00007ff97c2ec64d lwjgl_opengl.dll
RAX=0x000002bd689f8790 points into unknown readable memory: 0x0000000000000000 | 00 00 00 00 00 00 00 00
RBX={method} {0x000002bd64c33198} 'nglGenTextures' '(IJ)V' in 'org/lwjgl/opengl/GL11C'
RCX=0x0000000000000001 is an unknown value
RDX=0x000002bd68a1eddc points into unknown readable memory: 00 00 00 00
RSP=0x000000dcda4ff418 is pointing into the stack for thread: 0x000002bd46ff76c0
RBP=0x000000dcda4ff4a0 is pointing into the stack for thread: 0x000002bd46ff76c0
RSI=0x000002bd64bc3de8 is pointing into metadata
RDI=0x000002bd4a6d95cd is at code_begin+1325 in an Interpreter codelet
return entry points  [0x000002bd4a6d90a0, 0x000002bd4a6d9ba0]  2816 bytes
R8 =0x0000000000000001 is an unknown value
R9 =0x000002bd68a1eddc points into unknown readable memory: 00 00 00 00
R10=0x0 is NULL
R11=0x000000072f13b5e0 is an oop: java.lang.Class 
{0x000000072f13b5e0} - klass: 'java/lang/Class'
 - ---- fields (total size 116 words):
 - private volatile transient 'classRedefinedCount' 'I' @12  0
 - abstract internal 'klass' 'J' @16  34360594968 (d1218 8)
 - abstract internal 'array_klass' 'J' @24  0 (0 0)
 - abstract internal 'oop_size' 'I' @32  116 (74)
 - abstract internal 'static_oop_field_count' 'I' @36  0
 - private volatile transient 'cachedConstructor' 'Ljava/lang/reflect/Constructor;' @40  NULL (0)
 - private transient 'name' 'Ljava/lang/String;' @44  "org.lwjgl.opengl.GL11C"{0x000000072f13bac8} (e5e27759)
 - private transient 'module' 'Ljava/lang/Module;' @48  a 'java/lang/Module'{0x000000072f4acc18} (e5e95983)
 - private final 'classLoader' 'Ljava/lang/ClassLoader;' @52  a 'jdk/internal/loader/ClassLoaders$AppClassLoader'{0x000000072f4aca58} (e5e9594b)
 - private transient 'classData' 'Ljava/lang/Object;' @56  NULL (0)
 - private transient 'packageName' 'Ljava/lang/String;' @60  "org.lwjgl.opengl"{0x000000072f23d4f8} (e5e47a9f)
 - private final 'componentType' 'Ljava/lang/Class;' @64  NULL (0)
 - private volatile transient 'reflectionData' 'Ljava/lang/ref/SoftReference;' @68  NULL (0)
 - private volatile transient 'genericInfo' 'Lsun/reflect/generics/repository/ClassRepository;' @72  NULL (0)
 - private volatile transient 'enumConstants' '[Ljava/lang/Object;' @76  NULL (0)
 - private volatile transient 'enumConstantDirectory' 'Ljava/util/Map;' @80  NULL (0)
 - private volatile transient 'annotationData' 'Ljava/lang/Class$AnnotationData;' @84  NULL (0)
 - private volatile transient 'annotationType' 'Lsun/reflect/annotation/AnnotationType;' @88  NULL (0)
 - transient 'classValueMap' 'Ljava/lang/ClassValue$ClassValueMap;' @92  NULL (0)
 - abstract internal 'protection_domain' 'Ljava/lang/Object;' @96  a 'java/security/ProtectionDomain'{0x000000072f27dda0} (e5e4fbb4)
 - abstract internal 'signers_name' 'Ljava/lang/Object;' @100  NULL (0)
 - abstract internal 'source_file' 'Ljava/lang/Object;' @104  NULL (0)
 - signature: Lorg/lwjgl/opengl/GL11C;
 - ---- static fields (0):
 - public static final 'GL_NEVER' 'I' @112  512 (200)
 - public static final 'GL_LESS' 'I' @116  513 (201)
 - public static final 'GL_EQUAL' 'I' @120  514 (202)
 - public static final 'GL_LEQUAL' 'I' @124  515 (203)
 - public static final 'GL_GREATER' 'I' @128  516 (204)
 - public static final 'GL_NOTEQUAL' 'I' @132  517 (205)
 - public static final 'GL_GEQUAL' 'I' @136  518 (206)
 - public static final 'GL_ALWAYS' 'I' @140  519 (207)
 - public static final 'GL_DEPTH_BUFFER_BIT' 'I' @144  256 (100)
 - public static final 'GL_STENCIL_BUFFER_BIT' 'I' @148  1024 (400)
 - public static final 'GL_COLOR_BUFFER_BIT' 'I' @152  16384 (4000)
 - public static final 'GL_POINTS' 'I' @156  0
 - public static final 'GL_LINES' 'I' @160  1
 - public static final 'GL_LINE_LOOP' 'I' @164  2
 - public static final 'GL_LINE_STRIP' 'I' @168  3
 - public static final 'GL_TRIANGLES' 'I' @172  4
 - public static final 'GL_TRIANGLE_STRIP' 'I' @176  5
 - public static final 'GL_TRIANGLE_FAN' 'I' @180  6
 - public static final 'GL_QUADS' 'I' @184  7
 - public static final 'GL_ZERO' 'I' @188  0
 - public static final 'GL_ONE' 'I' @192  1
 - public static final 'GL_SRC_COLOR' 'I' @196  768 (300)
 - public static final 'GL_ONE_MINUS_SRC_COLOR' 'I' @200  769 (301)
 - public static final 'GL_SRC_ALPHA' 'I' @204  770 (302)
 - public static final 'GL_ONE_MINUS_SRC_ALPHA' 'I' @208  771 (303)
 - public static final 'GL_DST_ALPHA' 'I' @212  772 (304)
 - public static final 'GL_ONE_MINUS_DST_ALPHA' 'I' @216  773 (305)
 - public static final 'GL_DST_COLOR' 'I' @220  774 (306)
 - public static final 'GL_ONE_MINUS_DST_COLOR' 'I' @224  775 (307)
 - public static final 'GL_SRC_ALPHA_SATURATE' 'I' @228  776 (308)
 - public static final 'GL_TRUE' 'I' @232  1
 - public static final 'GL_FALSE' 'I' @236  0
 - public static final 'GL_BYTE' 'I' @240  5120 (1400)
 - public static final 'GL_UNSIGNED_BYTE' 'I' @244  5121 (1401)
 - public static final 'GL_SHORT' 'I' @248  5122 (1402)
 - public static final 'GL_UNSIGNED_SHORT' 'I' @252  5123 (1403)
 - public static final 'GL_INT' 'I' @256  5124 (1404)
 - public static final 'GL_UNSIGNED_INT' 'I' @260  5125 (1405)
 - public static final 'GL_FLOAT' 'I' @264  5126 (1406)
 - public static final 'GL_DOUBLE' 'I' @268  5130 (140a)
 - public static final 'GL_NONE' 'I' @272  0
 - public static final 'GL_FRONT_LEFT' 'I' @276  1024 (400)
 - public static final 'GL_FRONT_RIGHT' 'I' @280  1025 (401)
 - public static final 'GL_BACK_LEFT' 'I' @284  1026 (402)
 - public static final 'GL_BACK_RIGHT' 'I' @288  1027 (403)
 - public static final 'GL_FRONT' 'I' @292  1028 (404)
 - public static final 'GL_BACK' 'I' @296  1029 (405)
 - public static final 'GL_LEFT' 'I' @300  1030 (406)
 - public static final 'GL_RIGHT' 'I' @304  1031 (407)
 - public static final 'GL_FRONT_AND_BACK' 'I' @308  1032 (408)
 - public static final 'GL_NO_ERROR' 'I' @312  0
 - public static final 'GL_INVALID_ENUM' 'I' @316  1280 (500)
 - public static final 'GL_INVALID_VALUE' 'I' @320  1281 (501)
 - public static final 'GL_INVALID_OPERATION' 'I' @324  1282 (502)
 - public static final 'GL_STACK_OVERFLOW' 'I' @328  1283 (503)
 - public static final 'GL_STACK_UNDERFLOW' 'I' @332  1284 (504)
 - public static final 'GL_OUT_OF_MEMORY' 'I' @336  1285 (505)
 - public static final 'GL_CW' 'I' @340  2304 (900)
 - public static final 'GL_CCW' 'I' @344  2305 (901)
 - public static final 'GL_POINT_SIZE' 'I' @348  2833 (b11)
 - public static final 'GL_POINT_SIZE_RANGE' 'I' @352  2834 (b12)
 - public static final 'GL_POINT_SIZE_GRANULARITY' 'I' @356  2835 (b13)
 - public static final 'GL_LINE_SMOOTH' 'I' @360  2848 (b20)
 - public static final 'GL_LINE_WIDTH' 'I' @364  2849 (b21)
 - public static final 'GL_LINE_WIDTH_RANGE' 'I' @368  2850 (b22)
 - public static final 'GL_LINE_WIDTH_GRANULARITY' 'I' @372  2851 (b23)
 - public static final 'GL_POLYGON_MODE' 'I' @376  2880 (b40)
 - public static final 'GL_POLYGON_SMOOTH' 'I' @380  2881 (b41)
 - public static final 'GL_CULL_FACE' 'I' @384  2884 (b44)
 - public static final 'GL_CULL_FACE_MODE' 'I' @388  2885 (b45)
 - public static final 'GL_FRONT_FACE' 'I' @392  2886 (b46)
 - public static final 'GL_DEPTH_RANGE' 'I' @396  2928 (b70)
 - public static final 'GL_DEPTH_TEST' 'I' @400  2929 (b71)
 - public static final 'GL_DEPTH_WRITEMASK' 'I' @404  2930 (b72)
 - public static final 'GL_DEPTH_CLEAR_VALUE' 'I' @408  2931 (b73)
 - public static final 'GL_DEPTH_FUNC' 'I' @412  2932 (b74)
 - public static final 'GL_STENCIL_TEST' 'I' @416  2960 (b90)
 - public static final 'GL_STENCIL_CLEAR_VALUE' 'I' @420  2961 (b91)
 - public static final 'GL_STENCIL_FUNC' 'I' @424  2962 (b92)
 - public static final 'GL_STENCIL_VALUE_MASK' 'I' @428  2963 (b93)
 - public static final 'GL_STENCIL_FAIL' 'I' @432  2964 (b94)
 - public static final 'GL_STENCIL_PASS_DEPTH_FAIL' 'I' @436  2965 (b95)
 - public static final 'GL_STENCIL_PASS_DEPTH_PASS' 'I' @440  2966 (b96)
 - public static final 'GL_STENCIL_REF' 'I' @444  2967 (b97)
 - public static final 'GL_STENCIL_WRITEMASK' 'I' @448  2968 (b98)
 - public static final 'GL_VIEWPORT' 'I' @452  2978 (ba2)
 - public static final 'GL_DITHER' 'I' @456  3024 (bd0)
 - public static final 'GL_BLEND_DST' 'I' @460  3040 (be0)
 - public static final 'GL_BLEND_SRC' 'I' @464  3041 (be1)
 - public static final 'GL_BLEND' 'I' @468  3042 (be2)
 - public static final 'GL_LOGIC_OP_MODE' 'I' @472  3056 (bf0)
 - public static final 'GL_COLOR_LOGIC_OP' 'I' @476  3058 (bf2)
 - public static final 'GL_DRAW_BUFFER' 'I' @480  3073 (c01)
 - public static final 'GL_READ_BUFFER' 'I' @484  3074 (c02)
 - public static final 'GL_SCISSOR_BOX' 'I' @488  3088 (c10)
 - public static final 'GL_SCISSOR_TEST' 'I' @492  3089 (c11)
 - public static final 'GL_COLOR_CLEAR_VALUE' 'I' @496  3106 (c22)
 - public static final 'GL_COLOR_WRITEMASK' 'I' @500  3107 (c23)
 - public static final 'GL_DOUBLEBUFFER' 'I' @504  3122 (c32)
 - public static final 'GL_STEREO' 'I' @508  3123 (c33)
 - public static final 'GL_LINE_SMOOTH_HINT' 'I' @512  3154 (c52)
 - public static final 'GL_POLYGON_SMOOTH_HINT' 'I' @516  3155 (c53)
 - public static final 'GL_UNPACK_SWAP_BYTES' 'I' @520  3312 (cf0)
 - public static final 'GL_UNPACK_LSB_FIRST' 'I' @524  3313 (cf1)
 - public static final 'GL_UNPACK_ROW_LENGTH' 'I' @528  3314 (cf2)
 - public static final 'GL_UNPACK_SKIP_ROWS' 'I' @532  3315 (cf3)
 - public static final 'GL_UNPACK_SKIP_PIXELS' 'I' @536  3316 (cf4)
 - public static final 'GL_UNPACK_ALIGNMENT' 'I' @540  3317 (cf5)
 - public static final 'GL_PACK_SWAP_BYTES' 'I' @544  3328 (d00)
 - public static final 'GL_PACK_LSB_FIRST' 'I' @548  3329 (d01)
 - public static final 'GL_PACK_ROW_LENGTH' 'I' @552  3330 (d02)
 - public static final 'GL_PACK_SKIP_ROWS' 'I' @556  3331 (d03)
 - public static final 'GL_PACK_SKIP_PIXELS' 'I' @560  3332 (d04)
 - public static final 'GL_PACK_ALIGNMENT' 'I' @564  3333 (d05)
 - public static final 'GL_MAX_TEXTURE_SIZE' 'I' @568  3379 (d33)
 - public static final 'GL_MAX_VIEWPORT_DIMS' 'I' @572  3386 (d3a)
 - public static final 'GL_SUBPIXEL_BITS' 'I' @576  3408 (d50)
 - public static final 'GL_TEXTURE_1D' 'I' @580  3552 (de0)
 - public static final 'GL_TEXTURE_2D' 'I' @584  3553 (de1)
 - public static final 'GL_TEXTURE_WIDTH' 'I' @588  4096 (1000)
 - public static final 'GL_TEXTURE_HEIGHT' 'I' @592  4097 (1001)
 - public static final 'GL_TEXTURE_INTERNAL_FORMAT' 'I' @596  4099 (1003)
 - public static final 'GL_TEXTURE_BORDER_COLOR' 'I' @600  4100 (1004)
 - public static final 'GL_DONT_CARE' 'I' @604  4352 (1100)
 - public static final 'GL_FASTEST' 'I' @608  4353 (1101)
 - public static final 'GL_NICEST' 'I' @612  4354 (1102)
 - public static final 'GL_CLEAR' 'I' @616  5376 (1500)
 - public static final 'GL_AND' 'I' @620  5377 (1501)
 - public static final 'GL_AND_REVERSE' 'I' @624  5378 (1502)
 - public static final 'GL_COPY' 'I' @628  5379 (1503)
 - public static final 'GL_AND_INVERTED' 'I' @632  5380 (1504)
 - public static final 'GL_NOOP' 'I' @636  5381 (1505)
 - public static final 'GL_XOR' 'I' @640  5382 (1506)
 - public static final 'GL_OR' 'I' @644  5383 (1507)
 - public static final 'GL_NOR' 'I' @648  5384 (1508)
 - public static final 'GL_EQUIV' 'I' @652  5385 (1509)
 - public static final 'GL_INVERT' 'I' @656  5386 (150a)
 - public static final 'GL_OR_REVERSE' 'I' @660  5387 (150b)
 - public static final 'GL_COPY_INVERTED' 'I' @664  5388 (150c)
 - public static final 'GL_OR_INVERTED' 'I' @668  5389 (150d)
 - public static final 'GL_NAND' 'I' @672  5390 (150e)
 - public static final 'GL_SET' 'I' @676  5391 (150f)
 - public static final 'GL_TEXTURE' 'I' @680  5890 (1702)
 - public static final 'GL_COLOR' 'I' @684  6144 (1800)
 - public static final 'GL_DEPTH' 'I' @688  6145 (1801)
 - public static final 'GL_STENCIL' 'I' @692  6146 (1802)
 - public static final 'GL_STENCIL_INDEX' 'I' @696  6401 (1901)
 - public static final 'GL_DEPTH_COMPONENT' 'I' @700  6402 (1902)
 - public static final 'GL_RED' 'I' @704  6403 (1903)
 - public static final 'GL_GREEN' 'I' @708  6404 (1904)
 - public static final 'GL_BLUE' 'I' @712  6405 (1905)
 - public static final 'GL_ALPHA' 'I' @716  6406 (1906)
 - public static final 'GL_RGB' 'I' @720  6407 (1907)
 - public static final 'GL_RGBA' 'I' @724  6408 (1908)
 - public static final 'GL_POINT' 'I' @728  6912 (1b00)
 - public static final 'GL_LINE' 'I' @732  6913 (1b01)
 - public static final 'GL_FILL' 'I' @736  6914 (1b02)
 - public static final 'GL_KEEP' 'I' @740  7680 (1e00)
 - public static final 'GL_REPLACE' 'I' @744  7681 (1e01)
 - public static final 'GL_INCR' 'I' @748  7682 (1e02)
 - public static final 'GL_DECR' 'I' @752  7683 (1e03)
 - public static final 'GL_VENDOR' 'I' @756  7936 (1f00)
 - public static final 'GL_RENDERER' 'I' @760  7937 (1f01)
 - public static final 'GL_VERSION' 'I' @764  7938 (1f02)
 - public static final 'GL_EXTENSIONS' 'I' @768  7939 (1f03)
 - public static final 'GL_NEAREST' 'I' @772  9728 (2600)
 - public static final 'GL_LINEAR' 'I' @776  9729 (2601)
 - public static final 'GL_NEAREST_MIPMAP_NEAREST' 'I' @780  9984 (2700)
 - public static final 'GL_LINEAR_MIPMAP_NEAREST' 'I' @784  9985 (2701)
 - public static final 'GL_NEAREST_MIPMAP_LINEAR' 'I' @788  9986 (2702)
 - public static final 'GL_LINEAR_MIPMAP_LINEAR' 'I' @792  9987 (2703)
 - public static final 'GL_TEXTURE_MAG_FILTER' 'I' @796  10240 (2800)
 - public static final 'GL_TEXTURE_MIN_FILTER' 'I' @800  10241 (2801)
 - public static final 'GL_TEXTURE_WRAP_S' 'I' @804  10242 (2802)
 - public static final 'GL_TEXTURE_WRAP_T' 'I' @808  10243 (2803)
 - public static final 'GL_REPEAT' 'I' @812  10497 (2901)
 - public static final 'GL_POLYGON_OFFSET_FACTOR' 'I' @816  32824 (8038)
 - public static final 'GL_POLYGON_OFFSET_UNITS' 'I' @820  10752 (2a00)
 - public static final 'GL_POLYGON_OFFSET_POINT' 'I' @824  10753 (2a01)
 - public static final 'GL_POLYGON_OFFSET_LINE' 'I' @828  10754 (2a02)
 - public static final 'GL_POLYGON_OFFSET_FILL' 'I' @832  32823 (8037)
 - public static final 'GL_R3_G3_B2' 'I' @836  10768 (2a10)
 - public static final 'GL_RGB4' 'I' @840  32847 (804f)
 - public static final 'GL_RGB5' 'I' @844  32848 (8050)
 - public static final 'GL_RGB8' 'I' @848  32849 (8051)
 - public static final 'GL_RGB10' 'I' @852  32850 (8052)
 - public static final 'GL_RGB12' 'I' @856  32851 (8053)
 - public static final 'GL_RGB16' 'I' @860  32852 (8054)
 - public static final 'GL_RGBA2' 'I' @864  32853 (8055)
 - public static final 'GL_RGBA4' 'I' @868  32854 (8056)
 - public static final 'GL_RGB5_A1' 'I' @872  32855 (8057)
 - public static final 'GL_RGBA8' 'I' @876  32856 (8058)
 - public static final 'GL_RGB10_A2' 'I' @880  32857 (8059)
 - public static final 'GL_RGBA12' 'I' @884  32858 (805a)
 - public static final 'GL_RGBA16' 'I' @888  32859 (805b)
 - public static final 'GL_TEXTURE_RED_SIZE' 'I' @892  32860 (805c)
 - public static final 'GL_TEXTURE_GREEN_SIZE' 'I' @896  32861 (805d)
 - public static final 'GL_TEXTURE_BLUE_SIZE' 'I' @900  32862 (805e)
 - public static final 'GL_TEXTURE_ALPHA_SIZE' 'I' @904  32863 (805f)
 - public static final 'GL_PROXY_TEXTURE_1D' 'I' @908  32867 (8063)
 - public static final 'GL_PROXY_TEXTURE_2D' 'I' @912  32868 (8064)
 - public static final 'GL_TEXTURE_BINDING_1D' 'I' @916  32872 (8068)
 - public static final 'GL_TEXTURE_BINDING_2D' 'I' @920  32873 (8069)
 - public static final 'GL_VERTEX_ARRAY' 'I' @924  32884 (8074)
R12=0x0 is NULL
R13={method} {0x000002bd64c33198} 'nglGenTextures' '(IJ)V' in 'org/lwjgl/opengl/GL11C'
R14=0x000000dcda4ff4d0 is pointing into the stack for thread: 0x000002bd46ff76c0
R15=0x000002bd46ff76c0 is a thread


Registers:
RAX=0x000002bd689f8790, RBX=0x000002bd64c33190, RCX=0x0000000000000001, RDX=0x000002bd68a1eddc
RSP=0x000000dcda4ff418, RBP=0x000000dcda4ff4a0, RSI=0x000002bd64bc3de8, RDI=0x000002bd4a6d95cd
R8 =0x0000000000000001, R9 =0x000002bd68a1eddc, R10=0x0000000000000000, R11=0x000000072f13b5e0
R12=0x0000000000000000, R13=0x000002bd64c33190, R14=0x000000dcda4ff4d0, R15=0x000002bd46ff76c0
RIP=0x00007ff97c2ec64d, EFLAGS=0x0000000000010202

Top of Stack: (sp=0x000000dcda4ff418)
0x000000dcda4ff418:   000002bd4a6dd621 000002bd4a6d95cd
0x000000dcda4ff428:   000002bd4a6dd352 000002bd64c33190
0x000000dcda4ff438:   000002bd64bc3de8 000000dcda4ff4b8
0x000000dcda4ff448:   000002bd4a6d95cd 000002bd4a6dd2f6
0x000000dcda4ff458:   000000dcda4ff458 000002bd64c33190
0x000000dcda4ff468:   000000dcda4ff4d0 000002bd64c3d0d8
0x000000dcda4ff478:   0000000000000000 000000072f13b5e0
0x000000dcda4ff488:   000002bd64c33190 0000000000000000
0x000000dcda4ff498:   000000dcda4ff4c0 000000dcda4ff520
0x000000dcda4ff4a8:   000002bd4a6d94fe 000000072f13b5e0
0x000000dcda4ff4b8:   000002bd4a6daf78 000002bd68a1eddc
0x000000dcda4ff4c8:   0000000000000000 0000000000000001
0x000000dcda4ff4d8:   000000dcda4ff4d8 000002bd64c33304
0x000000dcda4ff4e8:   000000dcda4ff550 000002bd64c3d0d8
0x000000dcda4ff4f8:   0000000000000000 000000072f13b5e0
0x000000dcda4ff508:   000002bd64c33370 000000dcda4ff4c0 

Instructions: (pc=0x00007ff97c2ec64d)
0x00007ff97c2ec54d:   cc cc cc 48 8b 01 41 0f b6 c8 48 8b 50 18 48 ff
0x00007ff97c2ec55d:   a2 d0 01 00 00 cc cc cc cc cc cc cc cc cc cc cc
0x00007ff97c2ec56d:   cc cc cc 48 8b 01 0f 28 cb 0f 28 c2 48 8b 48 18
0x00007ff97c2ec57d:   48 ff a1 d8 01 00 00 cc cc cc cc cc cc cc cc cc
0x00007ff97c2ec58d:   cc cc cc 48 8b 01 45 8b d8 44 8b 44 24 28 41 8b
0x00007ff97c2ec59d:   d1 41 8b cb 4c 8b 50 18 49 ff a2 e8 01 00 00 cc
0x00007ff97c2ec5ad:   cc cc cc 48 8b 01 41 8b c8 48 8b 50 18 48 ff a2
0x00007ff97c2ec5bd:   f0 01 00 00 cc cc cc cc cc cc cc cc cc cc cc cc
0x00007ff97c2ec5cd:   cc cc cc 40 53 48 8b 01 41 8b d8 44 8b 44 24 30
0x00007ff97c2ec5dd:   41 8b d1 4c 8b 4c 24 38 8b cb 4c 8b 50 18 5b 49
0x00007ff97c2ec5ed:   ff a2 f8 01 00 00 cc cc cc cc cc cc cc cc cc cc
0x00007ff97c2ec5fd:   cc cc cc 48 8b 01 48 8b 48 18 48 ff a1 98 02 00
0x00007ff97c2ec60d:   00 cc cc 48 8b 01 48 8b 48 18 48 ff a1 a0 02 00
0x00007ff97c2ec61d:   00 cc cc 48 8b 01 41 8b c8 48 8b 50 18 48 ff a2
0x00007ff97c2ec62d:   c8 02 00 00 cc cc cc cc cc cc cc cc cc cc cc cc
0x00007ff97c2ec63d:   cc cc cc 48 8b 01 49 8b d1 41 8b c8 4c 8b 50 18
0x00007ff97c2ec64d:   49 ff a2 d8 02 00 00 cc cc cc cc cc cc cc cc cc
0x00007ff97c2ec65d:   cc cc cc 48 8b 01 49 8b d1 41 8b c8 4c 8b 50 18
0x00007ff97c2ec66d:   49 ff a2 e0 02 00 00 cc cc cc cc cc cc cc cc cc
0x00007ff97c2ec67d:   cc cc cc 48 8b 01 49 8b d1 41 8b c8 4c 8b 50 18
0x00007ff97c2ec68d:   49 ff a2 f0 02 00 00 cc cc cc cc cc cc cc cc cc
0x00007ff97c2ec69d:   cc cc cc 48 8b 01 49 8b d1 41 8b c8 4c 8b 50 18
0x00007ff97c2ec6ad:   49 ff a2 f8 02 00 00 cc cc cc cc cc cc cc cc cc
0x00007ff97c2ec6bd:   cc cc cc 48 8b 01 49 8b d1 41 8b c8 4c 8b 50 18
0x00007ff97c2ec6cd:   49 ff a2 00 03 00 00 cc cc cc cc cc cc cc cc cc
0x00007ff97c2ec6dd:   cc cc cc 48 8b 01 49 8b d1 41 8b c8 4c 8b 50 18
0x00007ff97c2ec6ed:   49 ff a2 08 03 00 00 cc cc cc cc cc cc cc cc cc
0x00007ff97c2ec6fd:   cc cc cc 48 8b 01 48 8b 48 18 48 8b 81 10 03 00
0x00007ff97c2ec70d:   00 48 ff e0 cc cc cc cc cc cc cc cc cc cc cc cc
0x00007ff97c2ec71d:   cc cc cc 48 8b 01 49 8b d1 41 8b c8 4c 8b 50 18
0x00007ff97c2ec72d:   49 ff a2 68 03 00 00 cc cc cc cc cc cc cc cc cc
0x00007ff97c2ec73d:   cc cc cc 48 8b 01 48 8b 48 18 48 8b 81 78 03 00 


Stack slot to memory mapping:
stack at sp + 0 slots: 0x000002bd4a6dd621 is at code_begin+993 in an Interpreter codelet
method entry point (kind = native)  [0x000002bd4a6dd240, 0x000002bd4a6ddbc0]  2432 bytes
stack at sp + 1 slots: 0x000002bd4a6d95cd is at code_begin+1325 in an Interpreter codelet
return entry points  [0x000002bd4a6d90a0, 0x000002bd4a6d9ba0]  2816 bytes
stack at sp + 2 slots: 0x000002bd4a6dd352 is at code_begin+274 in an Interpreter codelet
method entry point (kind = native)  [0x000002bd4a6dd240, 0x000002bd4a6ddbc0]  2432 bytes
stack at sp + 3 slots: {method} {0x000002bd64c33198} 'nglGenTextures' '(IJ)V' in 'org/lwjgl/opengl/GL11C'
stack at sp + 4 slots: 0x000002bd64bc3de8 is pointing into metadata
stack at sp + 5 slots: 0x000000dcda4ff4b8 is pointing into the stack for thread: 0x000002bd46ff76c0
stack at sp + 6 slots: 0x000002bd4a6d95cd is at code_begin+1325 in an Interpreter codelet
return entry points  [0x000002bd4a6d90a0, 0x000002bd4a6d9ba0]  2816 bytes
stack at sp + 7 slots: 0x000002bd4a6dd2f6 is at code_begin+182 in an Interpreter codelet
method entry point (kind = native)  [0x000002bd4a6dd240, 0x000002bd4a6ddbc0]  2432 bytes


---------------  P R O C E S S  ---------------

Threads class SMR info:
_java_thread_list=0x000002bd685a4610, length=12, elements={
0x000002bd46ff76c0, 0x000002bd64014e70, 0x000002bd64015720, 0x000002bd6402c4c0,
0x000002bd6402cd70, 0x000002bd6841a000, 0x000002bd684248d0, 0x000002bd684289b0,
0x000002bd6842a2b0, 0x000002bd6843b360, 0x000002bd685cb820, 0x000002bd685cd500
}

Java Threads: ( => current thread )
=>0x000002bd46ff76c0 JavaThread "main" [_thread_in_native, id=3196, stack(0x000000dcda400000,0x000000dcda500000)]
  0x000002bd64014e70 JavaThread "Reference Handler" daemon [_thread_blocked, id=11432, stack(0x000000dcdab00000,0x000000dcdac00000)]
  0x000002bd64015720 JavaThread "Finalizer" daemon [_thread_blocked, id=32340, stack(0x000000dcdac00000,0x000000dcdad00000)]
  0x000002bd6402c4c0 JavaThread "Signal Dispatcher" daemon [_thread_blocked, id=29496, stack(0x000000dcdad00000,0x000000dcdae00000)]
  0x000002bd6402cd70 JavaThread "Attach Listener" daemon [_thread_blocked, id=25388, stack(0x000000dcdae00000,0x000000dcdaf00000)]
  0x000002bd6841a000 JavaThread "Service Thread" daemon [_thread_blocked, id=8480, stack(0x000000dcdaf00000,0x000000dcdb000000)]
  0x000002bd684248d0 JavaThread "Monitor Deflation Thread" daemon [_thread_blocked, id=15936, stack(0x000000dcdb000000,0x000000dcdb100000)]
  0x000002bd684289b0 JavaThread "C2 CompilerThread0" daemon [_thread_blocked, id=6476, stack(0x000000dcdb100000,0x000000dcdb200000)]
  0x000002bd6842a2b0 JavaThread "C1 CompilerThread0" daemon [_thread_blocked, id=25136, stack(0x000000dcdb200000,0x000000dcdb300000)]
  0x000002bd6843b360 JavaThread "Sweeper thread" daemon [_thread_blocked, id=23728, stack(0x000000dcdb300000,0x000000dcdb400000)]
  0x000002bd685cb820 JavaThread "Notification Thread" daemon [_thread_blocked, id=7564, stack(0x000000dcdb400000,0x000000dcdb500000)]
  0x000002bd685cd500 JavaThread "Common-Cleaner" daemon [_thread_blocked, id=21356, stack(0x000000dcdb600000,0x000000dcdb700000)]

Other Threads:
  0x000002bd64040020 VMThread "VM Thread" [stack: 0x000000dcdaa00000,0x000000dcdab00000] [id=5968]
  0x000002bd685cf7e0 WatcherThread "VM Periodic Task Thread" [stack: 0x000000dcdb500000,0x000000dcdb600000] [id=31752]
  0x000002bd4705eeb0 WorkerThread "GC Thread#0" [stack: 0x000000dcda500000,0x000000dcda600000] [id=3920]
  0x000002bd4706e570 ConcurrentGCThread "G1 Main Marker" [stack: 0x000000dcda600000,0x000000dcda700000] [id=8460]
  0x000002bd4706ef60 WorkerThread "G1 Conc#0" [stack: 0x000000dcda700000,0x000000dcda800000] [id=23476]
  0x000002bd63e83e40 ConcurrentGCThread "G1 Refine#0" [stack: 0x000000dcda800000,0x000000dcda900000] [id=7336]
  0x000002bd63e845f0 ConcurrentGCThread "G1 Service" [stack: 0x000000dcda900000,0x000000dcdaa00000] [id=28588]

Threads with active compile tasks:

VM state: not at safepoint (normal execution)

VM Mutex/Monitor currently owned by a thread: None

Heap address: 0x0000000721600000, size: 3562 MB, Compressed Oops mode: Zero based, Oop shift amount: 3

CDS archive(s) not mapped
Compressed class space mapped at: 0x0000000800000000-0x0000000840000000, reserved size: 1073741824
Narrow klass base: 0x0000000800000000, Narrow klass shift: 0, Narrow klass range: 0x40000000

GC Precious Log:
 CardTable entry size: 512
 Card Set container configuration: InlinePtr #cards 4 size 8 Array Of Cards #cards 16 size 48 Howl #buckets 8 coarsen threshold 3686 Howl Bitmap #cards 512 size 80 coarsen threshold 460 Card regions per heap region 1 cards per card region 4096
 CPUs: 4 total, 4 available
 Memory: 14246M
 Large Page Support: Disabled
 NUMA Support: Disabled
 Compressed Oops: Enabled (Zero based)
 Heap Region Size: 2M
 Heap Min Capacity: 8M
 Heap Initial Capacity: 224M
 Heap Max Capacity: 3562M
 Pre-touch: Disabled
 Parallel Workers: 4
 Concurrent Workers: 1
 Concurrent Refinement Workers: 4
 Periodic GC: Disabled

Heap:
 garbage-first heap   total 229376K, used 4096K [0x0000000721600000, 0x0000000800000000)
  region size 2048K, 3 young (6144K), 0 survivors (0K)
 Metaspace       used 8926K, committed 9152K, reserved 1114112K
  class space    used 729K, committed 832K, reserved 1048576K

Heap Regions: E=young(eden), S=young(survivor), O=old, HS=humongous(starts), HC=humongous(continues), CS=collection set, F=free, OA=open archive, CA=closed archive, TAMS=top-at-mark-start (previous, next)
|   0|0x0000000721600000, 0x0000000721600000, 0x0000000721800000|  0%| F|  |TAMS 0x0000000721600000, 0x0000000721600000| Untracked 
|   1|0x0000000721800000, 0x0000000721800000, 0x0000000721a00000|  0%| F|  |TAMS 0x0000000721800000, 0x0000000721800000| Untracked 
|   2|0x0000000721a00000, 0x0000000721a00000, 0x0000000721c00000|  0%| F|  |TAMS 0x0000000721a00000, 0x0000000721a00000| Untracked 
|   3|0x0000000721c00000, 0x0000000721c00000, 0x0000000721e00000|  0%| F|  |TAMS 0x0000000721c00000, 0x0000000721c00000| Untracked 
|   4|0x0000000721e00000, 0x0000000721e00000, 0x0000000722000000|  0%| F|  |TAMS 0x0000000721e00000, 0x0000000721e00000| Untracked 
|   5|0x0000000722000000, 0x0000000722000000, 0x0000000722200000|  0%| F|  |TAMS 0x0000000722000000, 0x0000000722000000| Untracked 
|   6|0x0000000722200000, 0x0000000722200000, 0x0000000722400000|  0%| F|  |TAMS 0x0000000722200000, 0x0000000722200000| Untracked 
|   7|0x0000000722400000, 0x0000000722400000, 0x0000000722600000|  0%| F|  |TAMS 0x0000000722400000, 0x0000000722400000| Untracked 
|   8|0x0000000722600000, 0x0000000722600000, 0x0000000722800000|  0%| F|  |TAMS 0x0000000722600000, 0x0000000722600000| Untracked 
|   9|0x0000000722800000, 0x0000000722800000, 0x0000000722a00000|  0%| F|  |TAMS 0x0000000722800000, 0x0000000722800000| Untracked 
|  10|0x0000000722a00000, 0x0000000722a00000, 0x0000000722c00000|  0%| F|  |TAMS 0x0000000722a00000, 0x0000000722a00000| Untracked 
|  11|0x0000000722c00000, 0x0000000722c00000, 0x0000000722e00000|  0%| F|  |TAMS 0x0000000722c00000, 0x0000000722c00000| Untracked 
|  12|0x0000000722e00000, 0x0000000722e00000, 0x0000000723000000|  0%| F|  |TAMS 0x0000000722e00000, 0x0000000722e00000| Untracked 
|  13|0x0000000723000000, 0x0000000723000000, 0x0000000723200000|  0%| F|  |TAMS 0x0000000723000000, 0x0000000723000000| Untracked 
|  14|0x0000000723200000, 0x0000000723200000, 0x0000000723400000|  0%| F|  |TAMS 0x0000000723200000, 0x0000000723200000| Untracked 
|  15|0x0000000723400000, 0x0000000723400000, 0x0000000723600000|  0%| F|  |TAMS 0x0000000723400000, 0x0000000723400000| Untracked 
|  16|0x0000000723600000, 0x0000000723600000, 0x0000000723800000|  0%| F|  |TAMS 0x0000000723600000, 0x0000000723600000| Untracked 
|  17|0x0000000723800000, 0x0000000723800000, 0x0000000723a00000|  0%| F|  |TAMS 0x0000000723800000, 0x0000000723800000| Untracked 
|  18|0x0000000723a00000, 0x0000000723a00000, 0x0000000723c00000|  0%| F|  |TAMS 0x0000000723a00000, 0x0000000723a00000| Untracked 
|  19|0x0000000723c00000, 0x0000000723c00000, 0x0000000723e00000|  0%| F|  |TAMS 0x0000000723c00000, 0x0000000723c00000| Untracked 
|  20|0x0000000723e00000, 0x0000000723e00000, 0x0000000724000000|  0%| F|  |TAMS 0x0000000723e00000, 0x0000000723e00000| Untracked 
|  21|0x0000000724000000, 0x0000000724000000, 0x0000000724200000|  0%| F|  |TAMS 0x0000000724000000, 0x0000000724000000| Untracked 
|  22|0x0000000724200000, 0x0000000724200000, 0x0000000724400000|  0%| F|  |TAMS 0x0000000724200000, 0x0000000724200000| Untracked 
|  23|0x0000000724400000, 0x0000000724400000, 0x0000000724600000|  0%| F|  |TAMS 0x0000000724400000, 0x0000000724400000| Untracked 
|  24|0x0000000724600000, 0x0000000724600000, 0x0000000724800000|  0%| F|  |TAMS 0x0000000724600000, 0x0000000724600000| Untracked 
|  25|0x0000000724800000, 0x0000000724800000, 0x0000000724a00000|  0%| F|  |TAMS 0x0000000724800000, 0x0000000724800000| Untracked 
|  26|0x0000000724a00000, 0x0000000724a00000, 0x0000000724c00000|  0%| F|  |TAMS 0x0000000724a00000, 0x0000000724a00000| Untracked 
|  27|0x0000000724c00000, 0x0000000724c00000, 0x0000000724e00000|  0%| F|  |TAMS 0x0000000724c00000, 0x0000000724c00000| Untracked 
|  28|0x0000000724e00000, 0x0000000724e00000, 0x0000000725000000|  0%| F|  |TAMS 0x0000000724e00000, 0x0000000724e00000| Untracked 
|  29|0x0000000725000000, 0x0000000725000000, 0x0000000725200000|  0%| F|  |TAMS 0x0000000725000000, 0x0000000725000000| Untracked 
|  30|0x0000000725200000, 0x0000000725200000, 0x0000000725400000|  0%| F|  |TAMS 0x0000000725200000, 0x0000000725200000| Untracked 
|  31|0x0000000725400000, 0x0000000725400000, 0x0000000725600000|  0%| F|  |TAMS 0x0000000725400000, 0x0000000725400000| Untracked 
|  32|0x0000000725600000, 0x0000000725600000, 0x0000000725800000|  0%| F|  |TAMS 0x0000000725600000, 0x0000000725600000| Untracked 
|  33|0x0000000725800000, 0x0000000725800000, 0x0000000725a00000|  0%| F|  |TAMS 0x0000000725800000, 0x0000000725800000| Untracked 
|  34|0x0000000725a00000, 0x0000000725a00000, 0x0000000725c00000|  0%| F|  |TAMS 0x0000000725a00000, 0x0000000725a00000| Untracked 
|  35|0x0000000725c00000, 0x0000000725c00000, 0x0000000725e00000|  0%| F|  |TAMS 0x0000000725c00000, 0x0000000725c00000| Untracked 
|  36|0x0000000725e00000, 0x0000000725e00000, 0x0000000726000000|  0%| F|  |TAMS 0x0000000725e00000, 0x0000000725e00000| Untracked 
|  37|0x0000000726000000, 0x0000000726000000, 0x0000000726200000|  0%| F|  |TAMS 0x0000000726000000, 0x0000000726000000| Untracked 
|  38|0x0000000726200000, 0x0000000726200000, 0x0000000726400000|  0%| F|  |TAMS 0x0000000726200000, 0x0000000726200000| Untracked 
|  39|0x0000000726400000, 0x0000000726400000, 0x0000000726600000|  0%| F|  |TAMS 0x0000000726400000, 0x0000000726400000| Untracked 
|  40|0x0000000726600000, 0x0000000726600000, 0x0000000726800000|  0%| F|  |TAMS 0x0000000726600000, 0x0000000726600000| Untracked 
|  41|0x0000000726800000, 0x0000000726800000, 0x0000000726a00000|  0%| F|  |TAMS 0x0000000726800000, 0x0000000726800000| Untracked 
|  42|0x0000000726a00000, 0x0000000726a00000, 0x0000000726c00000|  0%| F|  |TAMS 0x0000000726a00000, 0x0000000726a00000| Untracked 
|  43|0x0000000726c00000, 0x0000000726c00000, 0x0000000726e00000|  0%| F|  |TAMS 0x0000000726c00000, 0x0000000726c00000| Untracked 
|  44|0x0000000726e00000, 0x0000000726e00000, 0x0000000727000000|  0%| F|  |TAMS 0x0000000726e00000, 0x0000000726e00000| Untracked 
|  45|0x0000000727000000, 0x0000000727000000, 0x0000000727200000|  0%| F|  |TAMS 0x0000000727000000, 0x0000000727000000| Untracked 
|  46|0x0000000727200000, 0x0000000727200000, 0x0000000727400000|  0%| F|  |TAMS 0x0000000727200000, 0x0000000727200000| Untracked 
|  47|0x0000000727400000, 0x0000000727400000, 0x0000000727600000|  0%| F|  |TAMS 0x0000000727400000, 0x0000000727400000| Untracked 
|  48|0x0000000727600000, 0x0000000727600000, 0x0000000727800000|  0%| F|  |TAMS 0x0000000727600000, 0x0000000727600000| Untracked 
|  49|0x0000000727800000, 0x0000000727800000, 0x0000000727a00000|  0%| F|  |TAMS 0x0000000727800000, 0x0000000727800000| Untracked 
|  50|0x0000000727a00000, 0x0000000727a00000, 0x0000000727c00000|  0%| F|  |TAMS 0x0000000727a00000, 0x0000000727a00000| Untracked 
|  51|0x0000000727c00000, 0x0000000727c00000, 0x0000000727e00000|  0%| F|  |TAMS 0x0000000727c00000, 0x0000000727c00000| Untracked 
|  52|0x0000000727e00000, 0x0000000727e00000, 0x0000000728000000|  0%| F|  |TAMS 0x0000000727e00000, 0x0000000727e00000| Untracked 
|  53|0x0000000728000000, 0x0000000728000000, 0x0000000728200000|  0%| F|  |TAMS 0x0000000728000000, 0x0000000728000000| Untracked 
|  54|0x0000000728200000, 0x0000000728200000, 0x0000000728400000|  0%| F|  |TAMS 0x0000000728200000, 0x0000000728200000| Untracked 
|  55|0x0000000728400000, 0x0000000728400000, 0x0000000728600000|  0%| F|  |TAMS 0x0000000728400000, 0x0000000728400000| Untracked 
|  56|0x0000000728600000, 0x0000000728600000, 0x0000000728800000|  0%| F|  |TAMS 0x0000000728600000, 0x0000000728600000| Untracked 
|  57|0x0000000728800000, 0x0000000728800000, 0x0000000728a00000|  0%| F|  |TAMS 0x0000000728800000, 0x0000000728800000| Untracked 
|  58|0x0000000728a00000, 0x0000000728a00000, 0x0000000728c00000|  0%| F|  |TAMS 0x0000000728a00000, 0x0000000728a00000| Untracked 
|  59|0x0000000728c00000, 0x0000000728c00000, 0x0000000728e00000|  0%| F|  |TAMS 0x0000000728c00000, 0x0000000728c00000| Untracked 
|  60|0x0000000728e00000, 0x0000000728e00000, 0x0000000729000000|  0%| F|  |TAMS 0x0000000728e00000, 0x0000000728e00000| Untracked 
|  61|0x0000000729000000, 0x0000000729000000, 0x0000000729200000|  0%| F|  |TAMS 0x0000000729000000, 0x0000000729000000| Untracked 
|  62|0x0000000729200000, 0x0000000729200000, 0x0000000729400000|  0%| F|  |TAMS 0x0000000729200000, 0x0000000729200000| Untracked 
|  63|0x0000000729400000, 0x0000000729400000, 0x0000000729600000|  0%| F|  |TAMS 0x0000000729400000, 0x0000000729400000| Untracked 
|  64|0x0000000729600000, 0x0000000729600000, 0x0000000729800000|  0%| F|  |TAMS 0x0000000729600000, 0x0000000729600000| Untracked 
|  65|0x0000000729800000, 0x0000000729800000, 0x0000000729a00000|  0%| F|  |TAMS 0x0000000729800000, 0x0000000729800000| Untracked 
|  66|0x0000000729a00000, 0x0000000729a00000, 0x0000000729c00000|  0%| F|  |TAMS 0x0000000729a00000, 0x0000000729a00000| Untracked 
|  67|0x0000000729c00000, 0x0000000729c00000, 0x0000000729e00000|  0%| F|  |TAMS 0x0000000729c00000, 0x0000000729c00000| Untracked 
|  68|0x0000000729e00000, 0x0000000729e00000, 0x000000072a000000|  0%| F|  |TAMS 0x0000000729e00000, 0x0000000729e00000| Untracked 
|  69|0x000000072a000000, 0x000000072a000000, 0x000000072a200000|  0%| F|  |TAMS 0x000000072a000000, 0x000000072a000000| Untracked 
|  70|0x000000072a200000, 0x000000072a200000, 0x000000072a400000|  0%| F|  |TAMS 0x000000072a200000, 0x000000072a200000| Untracked 
|  71|0x000000072a400000, 0x000000072a400000, 0x000000072a600000|  0%| F|  |TAMS 0x000000072a400000, 0x000000072a400000| Untracked 
|  72|0x000000072a600000, 0x000000072a600000, 0x000000072a800000|  0%| F|  |TAMS 0x000000072a600000, 0x000000072a600000| Untracked 
|  73|0x000000072a800000, 0x000000072a800000, 0x000000072aa00000|  0%| F|  |TAMS 0x000000072a800000, 0x000000072a800000| Untracked 
|  74|0x000000072aa00000, 0x000000072aa00000, 0x000000072ac00000|  0%| F|  |TAMS 0x000000072aa00000, 0x000000072aa00000| Untracked 
|  75|0x000000072ac00000, 0x000000072ac00000, 0x000000072ae00000|  0%| F|  |TAMS 0x000000072ac00000, 0x000000072ac00000| Untracked 
|  76|0x000000072ae00000, 0x000000072ae00000, 0x000000072b000000|  0%| F|  |TAMS 0x000000072ae00000, 0x000000072ae00000| Untracked 
|  77|0x000000072b000000, 0x000000072b000000, 0x000000072b200000|  0%| F|  |TAMS 0x000000072b000000, 0x000000072b000000| Untracked 
|  78|0x000000072b200000, 0x000000072b200000, 0x000000072b400000|  0%| F|  |TAMS 0x000000072b200000, 0x000000072b200000| Untracked 
|  79|0x000000072b400000, 0x000000072b400000, 0x000000072b600000|  0%| F|  |TAMS 0x000000072b400000, 0x000000072b400000| Untracked 
|  80|0x000000072b600000, 0x000000072b600000, 0x000000072b800000|  0%| F|  |TAMS 0x000000072b600000, 0x000000072b600000| Untracked 
|  81|0x000000072b800000, 0x000000072b800000, 0x000000072ba00000|  0%| F|  |TAMS 0x000000072b800000, 0x000000072b800000| Untracked 
|  82|0x000000072ba00000, 0x000000072ba00000, 0x000000072bc00000|  0%| F|  |TAMS 0x000000072ba00000, 0x000000072ba00000| Untracked 
|  83|0x000000072bc00000, 0x000000072bc00000, 0x000000072be00000|  0%| F|  |TAMS 0x000000072bc00000, 0x000000072bc00000| Untracked 
|  84|0x000000072be00000, 0x000000072be00000, 0x000000072c000000|  0%| F|  |TAMS 0x000000072be00000, 0x000000072be00000| Untracked 
|  85|0x000000072c000000, 0x000000072c000000, 0x000000072c200000|  0%| F|  |TAMS 0x000000072c000000, 0x000000072c000000| Untracked 
|  86|0x000000072c200000, 0x000000072c200000, 0x000000072c400000|  0%| F|  |TAMS 0x000000072c200000, 0x000000072c200000| Untracked 
|  87|0x000000072c400000, 0x000000072c400000, 0x000000072c600000|  0%| F|  |TAMS 0x000000072c400000, 0x000000072c400000| Untracked 
|  88|0x000000072c600000, 0x000000072c600000, 0x000000072c800000|  0%| F|  |TAMS 0x000000072c600000, 0x000000072c600000| Untracked 
|  89|0x000000072c800000, 0x000000072c800000, 0x000000072ca00000|  0%| F|  |TAMS 0x000000072c800000, 0x000000072c800000| Untracked 
|  90|0x000000072ca00000, 0x000000072ca00000, 0x000000072cc00000|  0%| F|  |TAMS 0x000000072ca00000, 0x000000072ca00000| Untracked 
|  91|0x000000072cc00000, 0x000000072cc00000, 0x000000072ce00000|  0%| F|  |TAMS 0x000000072cc00000, 0x000000072cc00000| Untracked 
|  92|0x000000072ce00000, 0x000000072ce00000, 0x000000072d000000|  0%| F|  |TAMS 0x000000072ce00000, 0x000000072ce00000| Untracked 
|  93|0x000000072d000000, 0x000000072d000000, 0x000000072d200000|  0%| F|  |TAMS 0x000000072d000000, 0x000000072d000000| Untracked 
|  94|0x000000072d200000, 0x000000072d200000, 0x000000072d400000|  0%| F|  |TAMS 0x000000072d200000, 0x000000072d200000| Untracked 
|  95|0x000000072d400000, 0x000000072d400000, 0x000000072d600000|  0%| F|  |TAMS 0x000000072d400000, 0x000000072d400000| Untracked 
|  96|0x000000072d600000, 0x000000072d600000, 0x000000072d800000|  0%| F|  |TAMS 0x000000072d600000, 0x000000072d600000| Untracked 
|  97|0x000000072d800000, 0x000000072d800000, 0x000000072da00000|  0%| F|  |TAMS 0x000000072d800000, 0x000000072d800000| Untracked 
|  98|0x000000072da00000, 0x000000072da00000, 0x000000072dc00000|  0%| F|  |TAMS 0x000000072da00000, 0x000000072da00000| Untracked 
|  99|0x000000072dc00000, 0x000000072dc00000, 0x000000072de00000|  0%| F|  |TAMS 0x000000072dc00000, 0x000000072dc00000| Untracked 
| 100|0x000000072de00000, 0x000000072de00000, 0x000000072e000000|  0%| F|  |TAMS 0x000000072de00000, 0x000000072de00000| Untracked 
| 101|0x000000072e000000, 0x000000072e000000, 0x000000072e200000|  0%| F|  |TAMS 0x000000072e000000, 0x000000072e000000| Untracked 
| 102|0x000000072e200000, 0x000000072e200000, 0x000000072e400000|  0%| F|  |TAMS 0x000000072e200000, 0x000000072e200000| Untracked 
| 103|0x000000072e400000, 0x000000072e400000, 0x000000072e600000|  0%| F|  |TAMS 0x000000072e400000, 0x000000072e400000| Untracked 
| 104|0x000000072e600000, 0x000000072e600000, 0x000000072e800000|  0%| F|  |TAMS 0x000000072e600000, 0x000000072e600000| Untracked 
| 105|0x000000072e800000, 0x000000072e800000, 0x000000072ea00000|  0%| F|  |TAMS 0x000000072e800000, 0x000000072e800000| Untracked 
| 106|0x000000072ea00000, 0x000000072ea00000, 0x000000072ec00000|  0%| F|  |TAMS 0x000000072ea00000, 0x000000072ea00000| Untracked 
| 107|0x000000072ec00000, 0x000000072ec00000, 0x000000072ee00000|  0%| F|  |TAMS 0x000000072ec00000, 0x000000072ec00000| Untracked 
| 108|0x000000072ee00000, 0x000000072ee00000, 0x000000072f000000|  0%| F|  |TAMS 0x000000072ee00000, 0x000000072ee00000| Untracked 
| 109|0x000000072f000000, 0x000000072f14fa00, 0x000000072f200000| 65%| E|  |TAMS 0x000000072f000000, 0x000000072f000000| Complete 
| 110|0x000000072f200000, 0x000000072f400000, 0x000000072f400000|100%| E|CS|TAMS 0x000000072f200000, 0x000000072f200000| Complete 
| 111|0x000000072f400000, 0x000000072f600000, 0x000000072f600000|100%| E|CS|TAMS 0x000000072f400000, 0x000000072f400000| Complete 

Card table byte_map: [0x000002bd59dd0000,0x000002bd5a4d0000] _byte_map_base: 0x000002bd564c5000

Marking Bits (Prev, Next): (CMBitMap*) 0x000002bd4705f4b0, (CMBitMap*) 0x000002bd4705f4f0
 Prev Bits: [0x000002bd5abd0000, 0x000002bd5e378000)
 Next Bits: [0x000002bd5e380000, 0x000002bd61b28000)

Polling page: 0x000002bd467c0000

Metaspace:

Usage:
  Non-class:      8.00 MB used.
      Class:    729.99 KB used.
       Both:      8.72 MB used.

Virtual space:
  Non-class space:       64.00 MB reserved,       8.12 MB ( 13%) committed,  1 nodes.
      Class space:        1.00 GB reserved,     832.00 KB ( <1%) committed,  1 nodes.
             Both:        1.06 GB reserved,       8.94 MB ( <1%) committed. 

Chunk freelists:
   Non-Class:  3.73 MB
       Class:  3.17 MB
        Both:  6.91 MB

MaxMetaspaceSize: unlimited
CompressedClassSpaceSize: 1.00 GB
Initial GC threshold: 21.00 MB
Current GC threshold: 21.00 MB
CDS: off
MetaspaceReclaimPolicy: balanced
 - commit_granule_bytes: 65536.
 - commit_granule_words: 8192.
 - virtual_space_node_default_size: 8388608.
 - enlarge_chunks_in_place: 1.
 - new_chunks_are_fully_committed: 0.
 - uncommit_free_chunks: 1.
 - use_allocation_guard: 0.


Internal statistics:

num_allocs_failed_limit: 0.
num_arena_births: 68.
num_arena_deaths: 0.
num_vsnodes_births: 2.
num_vsnodes_deaths: 0.
num_space_committed: 143.
num_space_uncommitted: 0.
num_chunks_returned_to_freelist: 0.
num_chunks_taken_from_freelist: 134.
num_chunk_merges: 0.
num_chunk_splits: 75.
num_chunks_enlarged: 45.
num_inconsistent_stats: 0.

CodeHeap 'non-profiled nmethods': size=120000Kb used=127Kb max_used=127Kb free=119872Kb
 bounds [0x000002bd521a0000, 0x000002bd52410000, 0x000002bd596d0000]
CodeHeap 'profiled nmethods': size=120000Kb used=653Kb max_used=653Kb free=119346Kb
 bounds [0x000002bd4ac70000, 0x000002bd4aee0000, 0x000002bd521a0000]
CodeHeap 'non-nmethods': size=5760Kb used=1168Kb max_used=1177Kb free=4591Kb
 bounds [0x000002bd4a6d0000, 0x000002bd4a940000, 0x000002bd4ac70000]
 total_blobs=909 nmethods=458 adapters=364
 compilation: enabled
              stopped_count=0, restarted_count=0
 full_count=0

Compilation events (20 events):
Event: 0.322 Thread 0x000002bd6842a2b0  448       3       java.util.zip.CRC32::update (38 bytes)
Event: 0.322 Thread 0x000002bd6842a2b0 nmethod 448 0x000002bd4ad0f310 code [0x000002bd4ad0f500, 0x000002bd4ad0f928]
Event: 0.322 Thread 0x000002bd6842a2b0  449       3       java.util.zip.CRC32::updateBytes (14 bytes)
Event: 0.323 Thread 0x000002bd6842a2b0 nmethod 449 0x000002bd4ad0fb10 code [0x000002bd4ad0fce0, 0x000002bd4ad100a8]
Event: 0.323 Thread 0x000002bd6842a2b0  450       3       java.util.zip.CRC32::updateBytesCheck (35 bytes)
Event: 0.323 Thread 0x000002bd6842a2b0 nmethod 450 0x000002bd4ad10290 code [0x000002bd4ad10460, 0x000002bd4ad107c8]
Event: 0.323 Thread 0x000002bd6842a2b0  451       3       java.lang.String::toLowerCase (29 bytes)
Event: 0.323 Thread 0x000002bd6842a2b0 nmethod 451 0x000002bd4ad10990 code [0x000002bd4ad10b60, 0x000002bd4ad10e38]
Event: 0.324 Thread 0x000002bd6842a2b0  452       3       java.lang.String::regionMatches (150 bytes)
Event: 0.324 Thread 0x000002bd6842a2b0 nmethod 452 0x000002bd4ad10f10 code [0x000002bd4ad11160, 0x000002bd4ad11968]
Event: 0.324 Thread 0x000002bd6842a2b0  453       3       java.lang.StringLatin1::regionMatchesCI (98 bytes)
Event: 0.325 Thread 0x000002bd6842a2b0 nmethod 453 0x000002bd4ad11c10 code [0x000002bd4ad11e40, 0x000002bd4ad125b8]
Event: 0.325 Thread 0x000002bd6842a2b0  457       3       sun.misc.Unsafe::putLong (11 bytes)
Event: 0.325 Thread 0x000002bd6842a2b0 nmethod 457 0x000002bd4ad12910 code [0x000002bd4ad12aa0, 0x000002bd4ad12bb8]
Event: 0.325 Thread 0x000002bd6842a2b0  458       3       org.lwjgl.system.MemoryUtil::memPutAddress (29 bytes)
Event: 0.325 Thread 0x000002bd6842a2b0 nmethod 458 0x000002bd4ad12c90 code [0x000002bd4ad12e40, 0x000002bd4ad13038]
Event: 0.325 Thread 0x000002bd6842a2b0  456       3       java.lang.Integer::toUnsignedLong (7 bytes)
Event: 0.325 Thread 0x000002bd6842a2b0 nmethod 456 0x000002bd4ad13110 code [0x000002bd4ad132a0, 0x000002bd4ad13398]
Event: 0.325 Thread 0x000002bd6842a2b0  454       3       java.util.WeakHashMap::maskNull (12 bytes)
Event: 0.325 Thread 0x000002bd6842a2b0 nmethod 454 0x000002bd4ad13410 code [0x000002bd4ad135a0, 0x000002bd4ad136d8]

GC Heap History (0 events):
No events

Deoptimization events (4 events):
Event: 0.278 Thread 0x000002bd46ff76c0 Uncommon trap: trap_request=0xffffff45 fr.pc=0x000002bd521b7ee4 relative=0x0000000000000064
Event: 0.278 Thread 0x000002bd46ff76c0 Uncommon trap: reason=unstable_if action=reinterpret pc=0x000002bd521b7ee4 method=java.io.WinNTFileSystem.isSlash(C)Z @ 9 c2
Event: 0.278 Thread 0x000002bd46ff76c0 DEOPT PACKING pc=0x000002bd521b7ee4 sp=0x000000dcda4fcb70
Event: 0.278 Thread 0x000002bd46ff76c0 DEOPT UNPACKING pc=0x000002bd4a7223a3 sp=0x000000dcda4fcaf8 mode 2

Classes loaded (20 events):
Event: 0.304 Loading class java/nio/DirectDoubleBufferU
Event: 0.304 Loading class java/nio/DirectDoubleBufferU done
Event: 0.304 Loading class sun/misc/Unsafe
Event: 0.304 Loading class sun/misc/Unsafe done
Event: 0.305 Loading class java/lang/invoke/DirectMethodHandle$StaticAccessor
Event: 0.305 Loading class java/lang/invoke/DirectMethodHandle$StaticAccessor done
Event: 0.305 Loading class jdk/internal/reflect/MethodHandleObjectFieldAccessorImpl
Event: 0.305 Loading class jdk/internal/reflect/MethodHandleFieldAccessorImpl
Event: 0.305 Loading class jdk/internal/reflect/MethodHandleFieldAccessorImpl done
Event: 0.305 Loading class jdk/internal/reflect/MethodHandleObjectFieldAccessorImpl done
Event: 0.307 Loading class java/util/function/LongPredicate
Event: 0.307 Loading class java/util/function/LongPredicate done
Event: 0.309 Loading class jdk/internal/access/foreign/MemorySegmentProxy
Event: 0.309 Loading class jdk/internal/access/foreign/MemorySegmentProxy done
Event: 0.314 Loading class java/nio/InvalidMarkException
Event: 0.315 Loading class java/nio/InvalidMarkException done
Event: 0.315 Loading class java/nio/BufferUnderflowException
Event: 0.315 Loading class java/nio/BufferUnderflowException done
Event: 0.316 Loading class java/lang/IndexOutOfBoundsException
Event: 0.316 Loading class java/lang/IndexOutOfBoundsException done

Classes unloaded (0 events):
No events

Classes redefined (0 events):
No events

Internal exceptions (20 events):
Event: 0.237 Thread 0x000002bd46ff76c0 Exception <a 'java/lang/NoSuchMethodError'{0x000000072f31a7a0}: 'void java.lang.invoke.DirectMethodHandle$Holder.invokeSpecial(java.lang.Object, java.lang.Object, java.lang.Object)'> (0x000000072f31a7a0) 
thrown [s\src\hotspot\share\interpreter\linkResolver.cpp, line 759]
Event: 0.239 Thread 0x000002bd46ff76c0 Exception <a 'java/lang/NoSuchMethodError'{0x000000072f32d3f8}: 'java.lang.Object java.lang.invoke.DirectMethodHandle$Holder.invokeStatic(java.lang.Object, java.lang.Object, int)'> (0x000000072f32d3f8) 
thrown [s\src\hotspot\share\interpreter\linkResolver.cpp, line 759]
Event: 0.241 Thread 0x000002bd46ff76c0 Exception <a 'java/lang/NoSuchMethodError'{0x000000072f3393d8}: 'void java.lang.invoke.DelegatingMethodHandle$Holder.delegate(java.lang.Object, java.lang.Object, int, java.lang.Object)'> (0x000000072f3393d8) 
thrown [s\src\hotspot\share\interpreter\linkResolver.cpp, line 759]
Event: 0.241 Thread 0x000002bd46ff76c0 Exception <a 'java/lang/NoSuchMethodError'{0x000000072f33d620}: 'int java.lang.invoke.DirectMethodHandle$Holder.invokeSpecial(java.lang.Object, java.lang.Object, java.lang.Object)'> (0x000000072f33d620) 
thrown [s\src\hotspot\share\interpreter\linkResolver.cpp, line 759]
Event: 0.246 Thread 0x000002bd46ff76c0 Exception <a 'java/lang/NoSuchMethodError'{0x000000072f3597d0}: 'void java.lang.System.loadLibrary(java.lang.String, java.lang.Class)'> (0x000000072f3597d0) 
thrown [s\src\hotspot\share\interpreter\linkResolver.cpp, line 759]
Event: 0.256 Thread 0x000002bd46ff76c0 Exception <a 'java/lang/NoSuchMethodError'{0x000000072f3ab038}: 'void java.lang.System.load(java.lang.String, java.lang.Class)'> (0x000000072f3ab038) 
thrown [s\src\hotspot\share\interpreter\linkResolver.cpp, line 759]
Event: 0.256 Thread 0x000002bd46ff76c0 Exception <a 'java/lang/NoSuchMethodError'{0x000000072f3b10a8}: 'void java.lang.System.loadLibrary(java.lang.String, java.lang.Class)'> (0x000000072f3b10a8) 
thrown [s\src\hotspot\share\interpreter\linkResolver.cpp, line 759]
Event: 0.284 Thread 0x000002bd46ff76c0 Exception <a 'sun/nio/fs/WindowsException'{0x000000072f03bd10}> (0x000000072f03bd10) 
thrown [s\src\hotspot\share\prims\jni.cpp, line 516]
Event: 0.284 Thread 0x000002bd46ff76c0 Exception <a 'sun/nio/fs/WindowsException'{0x000000072f03c260}> (0x000000072f03c260) 
thrown [s\src\hotspot\share\prims\jni.cpp, line 516]
Event: 0.292 Thread 0x000002bd46ff76c0 Exception <a 'sun/nio/fs/WindowsException'{0x000000072f04e908}> (0x000000072f04e908) 
thrown [s\src\hotspot\share\prims\jni.cpp, line 516]
Event: 0.292 Thread 0x000002bd46ff76c0 Exception <a 'sun/nio/fs/WindowsException'{0x000000072f04ecb0}> (0x000000072f04ecb0) 
thrown [s\src\hotspot\share\prims\jni.cpp, line 516]
Event: 0.296 Thread 0x000002bd46ff76c0 Exception <a 'sun/nio/fs/WindowsException'{0x000000072f055908}> (0x000000072f055908) 
thrown [s\src\hotspot\share\prims\jni.cpp, line 516]
Event: 0.296 Thread 0x000002bd46ff76c0 Exception <a 'sun/nio/fs/WindowsException'{0x000000072f055be8}> (0x000000072f055be8) 
thrown [s\src\hotspot\share\prims\jni.cpp, line 516]
Event: 0.301 Thread 0x000002bd46ff76c0 Exception <a 'java/lang/NoSuchMethodError'{0x000000072f08ba08}: 'java.lang.Object java.lang.invoke.DirectMethodHandle$Holder.invokeStaticInit(java.lang.Object)'> (0x000000072f08ba08) 
thrown [s\src\hotspot\share\interpreter\linkResolver.cpp, line 759]
Event: 0.307 Thread 0x000002bd46ff76c0 Exception <a 'java/lang/NoSuchMethodError'{0x000000072f0a9648}: 'int java.lang.invoke.DirectMethodHandle$Holder.invokeStaticInit(java.lang.Object, java.lang.Object, int, long)'> (0x000000072f0a9648) 
thrown [s\src\hotspot\share\interpreter\linkResolver.cpp, line 759]
Event: 0.308 Thread 0x000002bd46ff76c0 Exception <a 'java/lang/NoSuchMethodError'{0x000000072f0af1b8}: 'java.lang.Object java.lang.invoke.DirectMethodHandle$Holder.newInvokeSpecial(java.lang.Object, java.lang.Object, int)'> (0x000000072f0af1b8) 
thrown [s\src\hotspot\share\interpreter\linkResolver.cpp, line 759]
Event: 0.310 Thread 0x000002bd46ff76c0 Exception <a 'java/lang/NoSuchMethodError'{0x000000072f0bea18}: 'int java.lang.invoke.DirectMethodHandle$Holder.invokeStaticInit(java.lang.Object, java.lang.Object, long, long)'> (0x000000072f0bea18) 
thrown [s\src\hotspot\share\interpreter\linkResolver.cpp, line 759]
Event: 0.312 Thread 0x000002bd46ff76c0 Exception <a 'java/lang/NoSuchMethodError'{0x000000072f0c4dd0}: 'java.lang.Object java.lang.invoke.DirectMethodHandle$Holder.newInvokeSpecial(java.lang.Object, java.lang.Object, long)'> (0x000000072f0c4dd0) 
thrown [s\src\hotspot\share\interpreter\linkResolver.cpp, line 759]
Event: 0.312 Thread 0x000002bd46ff76c0 Exception <a 'java/lang/NoSuchMethodError'{0x000000072f0c9450}: 'java.lang.Object java.lang.invoke.Invokers$Holder.linkToTargetMethod(java.lang.Object, long, java.lang.Object)'> (0x000000072f0c9450) 
thrown [s\src\hotspot\share\interpreter\linkResolver.cpp, line 759]
Event: 0.313 Thread 0x000002bd46ff76c0 Exception <a 'java/lang/NoSuchMethodError'{0x000000072f0d09f8}: 'int java.lang.invoke.DirectMethodHandle$Holder.invokeStaticInit(java.lang.Object, java.lang.Object, java.lang.Object, long)'> (0x000000072f0d09f8) 
thrown [s\src\hotspot\share\interpreter\linkResolver.cpp, line 759]

VM Operations (6 events):
Event: 0.214 Executing VM operation: HandshakeAllThreads
Event: 0.214 Executing VM operation: HandshakeAllThreads done
Event: 0.278 Executing VM operation: HandshakeAllThreads
Event: 0.278 Executing VM operation: HandshakeAllThreads done
Event: 0.303 Executing VM operation: HandshakeAllThreads
Event: 0.303 Executing VM operation: HandshakeAllThreads done

Events (19 events):
Event: 0.006 Loaded shared library C:\Users\ryuku\.p2\pool\plugins\org.eclipse.justj.openjdk.hotspot.jre.full.win32.x86_64_18.0.2.v20220815-1350\jre\bin\java.dll
Event: 0.032 Thread 0x000002bd46ff76c0 Thread added: 0x000002bd46ff76c0
Event: 0.038 Thread 0x000002bd64014e70 Thread added: 0x000002bd64014e70
Event: 0.039 Thread 0x000002bd64015720 Thread added: 0x000002bd64015720
Event: 0.060 Thread 0x000002bd6402c4c0 Thread added: 0x000002bd6402c4c0
Event: 0.060 Thread 0x000002bd6402cd70 Thread added: 0x000002bd6402cd70
Event: 0.060 Thread 0x000002bd6841a000 Thread added: 0x000002bd6841a000
Event: 0.060 Thread 0x000002bd684248d0 Thread added: 0x000002bd684248d0
Event: 0.061 Thread 0x000002bd684289b0 Thread added: 0x000002bd684289b0
Event: 0.061 Thread 0x000002bd6842a2b0 Thread added: 0x000002bd6842a2b0
Event: 0.061 Thread 0x000002bd6843b360 Thread added: 0x000002bd6843b360
Event: 0.107 Thread 0x000002bd685cb820 Thread added: 0x000002bd685cb820
Event: 0.113 Thread 0x000002bd685cd500 Thread added: 0x000002bd685cd500
Event: 0.147 Loaded shared library C:\Users\ryuku\.p2\pool\plugins\org.eclipse.justj.openjdk.hotspot.jre.full.win32.x86_64_18.0.2.v20220815-1350\jre\bin\net.dll
Event: 0.149 Loaded shared library C:\Users\ryuku\.p2\pool\plugins\org.eclipse.justj.openjdk.hotspot.jre.full.win32.x86_64_18.0.2.v20220815-1350\jre\bin\nio.dll
Event: 0.163 Loaded shared library C:\Users\ryuku\.p2\pool\plugins\org.eclipse.justj.openjdk.hotspot.jre.full.win32.x86_64_18.0.2.v20220815-1350\jre\bin\jimage.dll
Event: 0.169 Loaded shared library C:\Users\ryuku\.p2\pool\plugins\org.eclipse.justj.openjdk.hotspot.jre.full.win32.x86_64_18.0.2.v20220815-1350\jre\bin\zip.dll
Event: 0.285 Loaded shared library C:\Users\ryuku\AppData\Local\Temp\lwjglryuku\3.3.1-build-7\lwjgl.dll
Event: 0.293 Loaded shared library C:\Users\ryuku\AppData\Local\Temp\lwjglryuku\3.3.1-build-7\lwjgl_opengl.dll


Dynamic libraries:
0x00007ff7d7d60000 - 0x00007ff7d7d6e000 	C:\Users\ryuku\.p2\pool\plugins\org.eclipse.justj.openjdk.hotspot.jre.full.win32.x86_64_18.0.2.v20220815-1350\jre\bin\javaw.exe
0x00007ff9a71e0000 - 0x00007ff9a73e9000 	C:\Windows\SYSTEM32\ntdll.dll
0x00007ff9a65e0000 - 0x00007ff9a669d000 	C:\Windows\System32\KERNEL32.DLL
0x00007ff9a4ae0000 - 0x00007ff9a4e5d000 	C:\Windows\System32\KERNELBASE.dll
0x00007ff9a46c0000 - 0x00007ff9a47d1000 	C:\Windows\System32\ucrtbase.dll
0x00007ff98e6b0000 - 0x00007ff98e6c7000 	C:\Users\ryuku\.p2\pool\plugins\org.eclipse.justj.openjdk.hotspot.jre.full.win32.x86_64_18.0.2.v20220815-1350\jre\bin\jli.dll
0x00007ff9a53a0000 - 0x00007ff9a554d000 	C:\Windows\System32\USER32.dll
0x00007ff9a4ab0000 - 0x00007ff9a4ad6000 	C:\Windows\System32\win32u.dll
0x00007ff9a6d40000 - 0x00007ff9a6d69000 	C:\Windows\System32\GDI32.dll
0x00007ff9a4990000 - 0x00007ff9a4aa8000 	C:\Windows\System32\gdi32full.dll
0x00007ff9a4e60000 - 0x00007ff9a4efd000 	C:\Windows\System32\msvcp_win.dll
0x00007ff98e690000 - 0x00007ff98e6a9000 	C:\Users\ryuku\.p2\pool\plugins\org.eclipse.justj.openjdk.hotspot.jre.full.win32.x86_64_18.0.2.v20220815-1350\jre\bin\VCRUNTIME140.dll
0x00007ff98e290000 - 0x00007ff98e535000 	C:\Windows\WinSxS\amd64_microsoft.windows.common-controls_6595b64144ccf1df_6.0.22000.120_none_9d947278b86cc467\COMCTL32.dll
0x00007ff9a66b0000 - 0x00007ff9a6753000 	C:\Windows\System32\msvcrt.dll
0x00007ff9a5560000 - 0x00007ff9a5591000 	C:\Windows\System32\IMM32.DLL
0x00007ff996ee0000 - 0x00007ff996eec000 	C:\Users\ryuku\.p2\pool\plugins\org.eclipse.justj.openjdk.hotspot.jre.full.win32.x86_64_18.0.2.v20220815-1350\jre\bin\vcruntime140_1.dll
0x00007ff980480000 - 0x00007ff980511000 	C:\Users\ryuku\.p2\pool\plugins\org.eclipse.justj.openjdk.hotspot.jre.full.win32.x86_64_18.0.2.v20220815-1350\jre\bin\msvcp140.dll
0x00007ff950290000 - 0x00007ff950f1a000 	C:\Users\ryuku\.p2\pool\plugins\org.eclipse.justj.openjdk.hotspot.jre.full.win32.x86_64_18.0.2.v20220815-1350\jre\bin\server\jvm.dll
0x00007ff9a5f20000 - 0x00007ff9a5fce000 	C:\Windows\System32\ADVAPI32.dll
0x00007ff9a70a0000 - 0x00007ff9a713e000 	C:\Windows\System32\sechost.dll
0x00007ff9a6d70000 - 0x00007ff9a6e90000 	C:\Windows\System32\RPCRT4.dll
0x00007ff9a5550000 - 0x00007ff9a5558000 	C:\Windows\System32\PSAPI.DLL
0x00007ff9a1c10000 - 0x00007ff9a1c19000 	C:\Windows\SYSTEM32\WSOCK32.dll
0x00007ff9a5330000 - 0x00007ff9a539f000 	C:\Windows\System32\WS2_32.dll
0x00007ff99b7a0000 - 0x00007ff99b7d3000 	C:\Windows\SYSTEM32\WINMM.dll
0x00007ff99d880000 - 0x00007ff99d88a000 	C:\Windows\SYSTEM32\VERSION.dll
0x00007ff9a37c0000 - 0x00007ff9a37d8000 	C:\Windows\SYSTEM32\kernel.appcore.dll
0x00007ff9a1bc0000 - 0x00007ff9a1bca000 	C:\Users\ryuku\.p2\pool\plugins\org.eclipse.justj.openjdk.hotspot.jre.full.win32.x86_64_18.0.2.v20220815-1350\jre\bin\jimage.dll
0x00007ff99cb20000 - 0x00007ff99cd41000 	C:\Windows\SYSTEM32\DBGHELP.DLL
0x00007ff9960a0000 - 0x00007ff9960d1000 	C:\Windows\SYSTEM32\dbgcore.DLL
0x00007ff9a4910000 - 0x00007ff9a498f000 	C:\Windows\System32\bcryptPrimitives.dll
0x00007ff99d2a0000 - 0x00007ff99d2c5000 	C:\Users\ryuku\.p2\pool\plugins\org.eclipse.justj.openjdk.hotspot.jre.full.win32.x86_64_18.0.2.v20220815-1350\jre\bin\java.dll
0x00007ff995090000 - 0x00007ff9950a8000 	C:\Users\ryuku\.p2\pool\plugins\org.eclipse.justj.openjdk.hotspot.jre.full.win32.x86_64_18.0.2.v20220815-1350\jre\bin\zip.dll
0x00007ff9a55a0000 - 0x00007ff9a5d58000 	C:\Windows\System32\SHELL32.dll
0x00007ff9a2830000 - 0x00007ff9a3098000 	C:\Windows\SYSTEM32\windows.storage.dll
0x00007ff9a6760000 - 0x00007ff9a6ad9000 	C:\Windows\System32\combase.dll
0x00007ff9a26c0000 - 0x00007ff9a2826000 	C:\Windows\SYSTEM32\wintypes.dll
0x00007ff9a5fd0000 - 0x00007ff9a60ba000 	C:\Windows\System32\SHCORE.dll
0x00007ff9a5070000 - 0x00007ff9a50cd000 	C:\Windows\System32\shlwapi.dll
0x00007ff9a45f0000 - 0x00007ff9a4611000 	C:\Windows\SYSTEM32\profapi.dll
0x00007ff995070000 - 0x00007ff995083000 	C:\Users\ryuku\.p2\pool\plugins\org.eclipse.justj.openjdk.hotspot.jre.full.win32.x86_64_18.0.2.v20220815-1350\jre\bin\net.dll
0x00007ff99f960000 - 0x00007ff99fa6c000 	C:\Windows\SYSTEM32\WINHTTP.dll
0x00007ff9a3bf0000 - 0x00007ff9a3c57000 	C:\Windows\system32\mswsock.dll
0x00007ff995010000 - 0x00007ff995026000 	C:\Users\ryuku\.p2\pool\plugins\org.eclipse.justj.openjdk.hotspot.jre.full.win32.x86_64_18.0.2.v20220815-1350\jre\bin\nio.dll
0x00007ff97bda0000 - 0x00007ff97be15000 	C:\Users\ryuku\AppData\Local\Temp\lwjglryuku\3.3.1-build-7\lwjgl.dll
0x00007ff97c2e0000 - 0x00007ff97c33d000 	C:\Users\ryuku\AppData\Local\Temp\lwjglryuku\3.3.1-build-7\lwjgl_opengl.dll
0x00007ff96f540000 - 0x00007ff96f641000 	C:\Windows\SYSTEM32\opengl32.dll
0x00007ff98ce60000 - 0x00007ff98ce8d000 	C:\Windows\SYSTEM32\GLU32.dll
0x00007ff9a1f10000 - 0x00007ff9a1f48000 	C:\Windows\SYSTEM32\dxcore.dll

dbghelp: loaded successfully - version: 4.0.5 - missing functions: none
symbol engine: initialized successfully - sym options: 0x614 - pdb path: .;C:\Users\ryuku\.p2\pool\plugins\org.eclipse.justj.openjdk.hotspot.jre.full.win32.x86_64_18.0.2.v20220815-1350\jre\bin;C:\Windows\SYSTEM32;C:\Windows\WinSxS\amd64_microsoft.windows.common-controls_6595b64144ccf1df_6.0.22000.120_none_9d947278b86cc467;C:\Users\ryuku\.p2\pool\plugins\org.eclipse.justj.openjdk.hotspot.jre.full.win32.x86_64_18.0.2.v20220815-1350\jre\bin\server;C:\Users\ryuku\AppData\Local\Temp\lwjglryuku\3.3.1-build-7

VM Arguments:
jvm_args: -Dfile.encoding=UTF-8 -XX:+ShowCodeDetailsInExceptionMessages 
java_command: engine.Main
java_class_path (initial): C:\Users\ryuku\eclipse-workspace\ALTERFIELD ONLINE\bin\default;C:\Users\ryuku\.gradle\caches\modules-2\files-2.1\org.lwjgl\lwjgl-assimp\3.3.1\312072f451794f25670aebb0160ce6ec88aff842\lwjgl-assimp-3.3.1.jar;C:\Users\ryuku\.gradle\caches\modules-2\files-2.1\org.lwjgl\lwjgl-bgfx\3.3.1\4243b7d255d885980f10c36edfb678729493685e\lwjgl-bgfx-3.3.1.jar;C:\Users\ryuku\.gradle\caches\modules-2\files-2.1\org.lwjgl\lwjgl-glfw\3.3.1\cbac1b8d30cb4795149c1ef540f912671a8616d0\lwjgl-glfw-3.3.1.jar;C:\Users\ryuku\.gradle\caches\modules-2\files-2.1\org.lwjgl\lwjgl-nanovg\3.3.1\2f3b4d8f9b8de598517f105ce7e68560f25f11c6\lwjgl-nanovg-3.3.1.jar;C:\Users\ryuku\.gradle\caches\modules-2\files-2.1\org.lwjgl\lwjgl-nuklear\3.3.1\628ccf80db3d623f1f559978e4246a23b2d1eeb1\lwjgl-nuklear-3.3.1.jar;C:\Users\ryuku\.gradle\caches\modules-2\files-2.1\org.lwjgl\lwjgl-openal\3.3.1\2623a6b8ae1dfcd880738656a9f0243d2e6840bd\lwjgl-openal-3.3.1.jar;C:\Users\ryuku\.gradle\caches\modules-2\files-2.1\org.lwjgl\lwjgl-opengl\3.3.1\831a5533a21a5f4f81bbc51bb13e9899319b5411\lwjgl-opengl-3.3.1.jar;C:\Users\ryuku\.gradle\caches\modules-2\files-2.1\org.lwjgl\lwjgl-par\3.3.1\5615580f6064af74d976a38274c7a07b44237996\lwjgl-par-3.3.1.jar;C:\Users\ryuku\.gradle\caches\modules-2\files-2.1\org.lwjgl\lwjgl-stb\3.3.1\b119297cf8ed01f247abe8685857f8e7fcf5980f\lwjgl-stb-3.3.1.jar;C:\Users\ryuku\.gradle\caches\modules-2\files-2.1\org.lwjgl\lwjgl-vulkan\3.3.1\4af1ebb27699d743aba74797b7ac4567f3f1fd4a\lwjgl-vulkan-3.3.1.jar;C:\Users\ryuku\.gradle\caches\modules-2\files-2.1\org.lwjgl\lwjgl\3.3.1\ae58664f88e18a9bb2c77b063833ca7aaec484cb\lwjgl-3.3.1.jar;C:\Users\ryuku\.gradle\caches\modules-2\files-2.1\com.esotericsoftware\kryonet\2.22.0-RC1\2f25f7250a3096a8d1b8182946f6572d90d280d0\kryonet-2.22.0-RC1.jar;C:\Users\ryuku\.gradle\caches\modules-2\files-2.1\org.joml\joml\1.10.4\19cb0a0f0f8a938785ebd5b2a2268ea2e65dabae\joml-1.10.4.jar;C:\Users\ryuku\.gradle\caches\modules-2\files-2.1\com.esotericsoftware.kryo\kryo\2.24.0\c6b206e80cfd97e66a1364003724491c757b92f\kryo-2.24.0.jar;C:\Users\ryuku\.gradle\caches\modules-2\files-2.1\com.esotericsoftware\jsonbeans\0.7\de977f0875708eddd154f2a4c3a3f58a13ef297\jsonbeans-0.7.jar;C:\Users\ryuku\.gradle\caches\modules-2\files-2.1\com.esotericsoftware.minlog\minlog\1.2\59bfcd171d82f9981a5e242b9e840191f650e209\minlog-1.2.jar;C:\Users\ryuku\.gradle\caches\modules-2\files-2.1\org.objenesis\objenesis\2.1\87c0ea803b69252868d09308b4618f766f135a96\objenesis-2.1.jar;C:\Users\ryuku\.gradle\caches\modules-2\files-2.1\org.lwjgl\lwjgl-assimp\3.3.1\bfa2a0d57acbf952b716d0ad8a3acbd7ad9f5639\lwjgl-assimp-3.3.1-natives-windows.jar;C:\Users\ryuku\.gradle\caches\modules-2\files-2.1\org.lwjgl\lwjgl-bgfx\3.3.1\12f22e13c99db9153124dbc17b84fe0233c6f3d5\lwjgl-bgfx-3.3.1-natives-windows.jar;C:\Users\ryuku\.gradle\caches\modules-2\files-2.1\org.lwjgl\lwjgl-glfw\3.3.1\ed892f945cf7e79c8756796f32d00fa4ceaf573b\lwjgl-glfw-3.3.1-natives-windows.jar;C:\Users\ryuku\.gradle\caches\modules-2\files-2.1\org.lwjgl\lwjgl-nanovg\3.3.1\1da0ba083ec772b85b3ea49ba4a3750bf8c7f4e1\lwjgl-nanovg-3.3.1-natives-windows.jar;C:\Users\ryuku\.gradle\caches\modules-2\files-2.1\org.lwjgl\lwjgl-nuklear\3.3.1\755c93226fa44597741e37c6649e86cefa46b262\lwjgl-nuklear-3.3.1-natives-windows.jar;C:\Users\ryuku\.gradle\caches\modules-2\files-2.1\org.lwjgl\lwjgl-openal\3.3.1\30a474d0e57193d7bc128849a3ab66bc9316fdb1\lwjgl-openal-3.3.1-natives-windows.jar;C:\Users\ryuku\.gradle\caches\modules-2\files-2.1\org.lwjgl\lwjgl-opengl\3.3.1\c1807e9bd571402787d7e37e3029776ae2513bb8\lwjgl-opengl-3.3.1-natives-windows.jar;C:\Users\ryuku\.gradle\caches\modules-2\files-2.1\org.lwjgl\lwjgl-par\3.3.1\cf58334d830c59cf1f3d005ea2cc341c8001b9\lwjgl-par-3.3.1-natives-windows.jar;C:\Users\ryuku\.gradle\caches\modules-2\files-2.1\org.lwjgl\lwjgl-stb\3.3.1\86315914ac119efdb02dc9e8e978ade84f1702af\lwjgl-stb-3.3.1-natives-windows.jar;C:\Users\ryuku\.gradle\caches\modules-2\files-2.1\org.lwjgl\lwjgl\3.3.1\36c37f16ab611b3aa11f3bcf80b1d509b4ce6b\lwjgl-3.3.1-natives-windows.jar
Launcher Type: SUN_STANDARD

[Global flags]
     intx CICompilerCount                          = 3                                         {product} {ergonomic}
     uint ConcGCThreads                            = 1                                         {product} {ergonomic}
     uint G1ConcRefinementThreads                  = 4                                         {product} {ergonomic}
   size_t G1HeapRegionSize                         = 2097152                                   {product} {ergonomic}
    uintx GCDrainStackTargetSize                   = 64                                        {product} {ergonomic}
   size_t InitialHeapSize                          = 234881024                                 {product} {ergonomic}
   size_t MarkStackSize                            = 4194304                                   {product} {ergonomic}
   size_t MaxHeapSize                              = 3735027712                                {product} {ergonomic}
   size_t MaxNewSize                               = 2239758336                                {product} {ergonomic}
   size_t MinHeapDeltaBytes                        = 2097152                                   {product} {ergonomic}
   size_t MinHeapSize                              = 8388608                                   {product} {ergonomic}
    uintx NonNMethodCodeHeapSize                   = 5832780                                {pd product} {ergonomic}
    uintx NonProfiledCodeHeapSize                  = 122912730                              {pd product} {ergonomic}
    uintx ProfiledCodeHeapSize                     = 122912730                              {pd product} {ergonomic}
    uintx ReservedCodeCacheSize                    = 251658240                              {pd product} {ergonomic}
     bool SegmentedCodeCache                       = true                                      {product} {ergonomic}
     bool ShowCodeDetailsInExceptionMessages       = true                                   {manageable} {command line}
   size_t SoftMaxHeapSize                          = 3735027712                             {manageable} {ergonomic}
     bool UseCompressedClassPointers               = true                           {product lp64_product} {ergonomic}
     bool UseCompressedOops                        = true                           {product lp64_product} {ergonomic}
     bool UseG1GC                                  = true                                      {product} {ergonomic}
     bool UseLargePagesIndividualAllocation        = false                                  {pd product} {ergonomic}

Logging:
Log output configuration:
 #0: stdout all=warning uptime,level,tags foldmultilines=false
 #1: stderr all=off uptime,level,tags foldmultilines=false

Environment Variables:
PATH=C:/Users/ryuku/.p2/pool/plugins/org.eclipse.justj.openjdk.hotspot.jre.full.win32.x86_64_18.0.2.v20220815-1350/jre/bin/server;C:/Users/ryuku/.p2/pool/plugins/org.eclipse.justj.openjdk.hotspot.jre.full.win32.x86_64_18.0.2.v20220815-1350/jre/bin;C:\Program Files (x86)\Razer\ChromaBroadcast\bin;C:\Program Files\Razer\ChromaBroadcast\bin;C:\Windows\system32;C:\Windows;C:\Windows\System32\Wbem;C:\Windows\System32\WindowsPowerShell\v1.0\;C:\Windows\System32\OpenSSH\;C:\Program Files\Ren'Py;C:\Users\ryuku\AppData\Local\Microsoft\WindowsApps;C:\Program Files\Git\cmd;C:\Program Files\Git\bin;C:\Users\ryuku\AppData\Local\Microsoft\WindowsApps;;C:\Users\ryuku\AppData\Local\Programs\Microsoft VS Code\bin;C:\Users\ryuku\OneDrive\??????;
USERNAME=ryuku
OS=Windows_NT
PROCESSOR_IDENTIFIER=AMD64 Family 23 Model 24 Stepping 1, AuthenticAMD



---------------  S Y S T E M  ---------------

OS:
 Windows 11 , 64 bit Build 22000 (10.0.22000.708)
OS uptime: 2 days 4:44 hours

CPU: total 4 (initial active 4) (4 cores per cpu, 1 threads per core) family 23 model 24 stepping 1 microcode 0x0, cx8, cmov, fxsr, mmx, 3dnowpref, sse, sse2, sse3, ssse3, sse4a, sse4.1, sse4.2, popcnt, lzcnt, tsc, tscinvbit, avx, avx2, aes, clmul, bmi1, bmi2, adx, sha, fma, vzeroupper, clflush, clflushopt

Memory: 4k page, system-wide physical 14246M (6196M free)
TotalPageFile size 16934M (AvailPageFile size 3989M)
current process WorkingSet (physical memory assigned to process): 46M, peak: 46M
current process commit charge ("private bytes"): 303M, peak: 303M

vm_info: OpenJDK 64-Bit Server VM (18.0.2+9) for windows-amd64 JRE (18.0.2+9), built on Jul 20 2022 08:51:35 by "" with MS VC++ 16.7 (VS2019)

END.
