#
# A fatal error has been detected by the Java Runtime Environment:
#
#  EXCEPTION_ACCESS_VIOLATION (0xc0000005) at pc=0x00007ffa3435e0a7, pid=15648, tid=1472
#
# JRE version: Java(TM) SE Runtime Environment (18.0.2+9) (build 18.0.2+9-61)
# Java VM: Java HotSpot(TM) 64-Bit Server VM (18.0.2+9-61, mixed mode, sharing, tiered, compressed oops, compressed class ptrs, g1 gc, windows-amd64)
# Problematic frame:
# C  [lwjgl_opengl.dll+0xe0a7]
#
# No core dump will be written. Minidumps are not enabled by default on client versions of Windows
#
# If you would like to submit a bug report, please visit:
#   https://bugreport.java.com/bugreport/crash.jsp
# The crash happened outside the Java Virtual Machine in native code.
# See problematic frame for where to report the bug.
#

---------------  S U M M A R Y ------------

Command Line: -Dfile.encoding=UTF-8 -XX:+ShowCodeDetailsInExceptionMessages engine.Main

Host: AMD Ryzen 3 3200G with Radeon Vega Graphics    , 4 cores, 13G,  Windows 11 , 64 bit Build 22621 (10.0.22621.436)
Time: Sun Aug 14 11:47:20 2022 GMT Summer Time elapsed time: 0.267644 seconds (0d 0h 0m 0s)

---------------  T H R E A D  ---------------

Current thread (0x00000143239a6160):  JavaThread "game" [_thread_in_native, id=1472, stack(0x000000254b400000,0x000000254b500000)]

Stack: [0x000000254b400000,0x000000254b500000],  sp=0x000000254b4ff3c8,  free space=1020k
Native frames: (J=compiled Java code, j=interpreted, Vv=VM code, C=native code)
C  [lwjgl_opengl.dll+0xe0a7]

Java frames: (J=compiled Java code, j=interpreted, Vv=VM code)
j  org.lwjgl.opengl.GL20C.glCreateShader(I)I+0
j  org.lwjgl.opengl.GL20.glCreateShader(I)I+1
j  engine.shaders.ShaderProgram.loadShader(Ljava/lang/String;I)I+74
j  engine.shaders.ShaderProgram.<init>(Ljava/lang/String;Ljava/lang/String;)V+8
j  engine.utils.ShaderLoader.<init>(Ljava/lang/String;Ljava/lang/String;)V+3
j  engine.Main.start()V+9
j  engine.Main.run()V+1
j  java.lang.Thread.run()V+11 java.base@18.0.2
v  ~StubRoutines::call_stub

siginfo: EXCEPTION_ACCESS_VIOLATION (0xc0000005), reading address 0x0000000000000e38


Register to memory mapping:

RIP=0x00007ffa3435e0a7 lwjgl_opengl.dll
RAX=0x0000014323c7d300 points into unknown readable memory: 0x0000000000000000 | 00 00 00 00 00 00 00 00
RBX={method} {0x000001431fce0d28} 'glCreateShader' '(I)I' in 'org/lwjgl/opengl/GL20C'
RCX=0x0 is NULL
RDX=0x000000254b4ff458 is pointing into the stack for thread: 0x00000143239a6160
RSP=0x000000254b4ff3c8 is pointing into the stack for thread: 0x00000143239a6160
RBP=0x000000254b4ff448 is pointing into the stack for thread: 0x00000143239a6160
RSI=0x0 is NULL
RDI=0x00000143078794fe is at code_begin+1118 in an Interpreter codelet
return entry points  [0x00000143078790a0, 0x0000014307879ba0]  2816 bytes
R8 =0x0000000000008b31 is an unknown value
R9 =0x0000000000000004 is an unknown value
R10=0x000001430787d5f2 is at code_begin+946 in an Interpreter codelet
method entry point (kind = native)  [0x000001430787d240, 0x000001430787dbc0]  2432 bytes
R11=0x000000072f1752f0 is an oop: java.lang.Class 
{0x000000072f1752f0} - klass: 'java/lang/Class'
 - ---- fields (total size 54 words):
 - private volatile transient 'classRedefinedCount' 'I' @12  0
 - abstract internal 'klass' 'J' @16  34372409816 (c159d8 8)
 - abstract internal 'array_klass' 'J' @24  0 (0 0)
 - abstract internal 'oop_size' 'I' @32  54 (36)
 - abstract internal 'static_oop_field_count' 'I' @36  0
 - private volatile transient 'cachedConstructor' 'Ljava/lang/reflect/Constructor;' @40  NULL (0)
 - private transient 'name' 'Ljava/lang/String;' @44  "org.lwjgl.opengl.GL20C"{0x000000072f1754b0} (e5e2ea96)
 - private transient 'module' 'Ljava/lang/Module;' @48  a 'java/lang/Module'{0x000000072f4aafc0} (e5e955f8)
 - private final 'classLoader' 'Ljava/lang/ClassLoader;' @52  a 'jdk/internal/loader/ClassLoaders$AppClassLoader'{0x000000072f4aae00} (e5e955c0)
 - private transient 'classData' 'Ljava/lang/Object;' @56  NULL (0)
 - private transient 'packageName' 'Ljava/lang/String;' @60  "org.lwjgl.opengl"{0x000000072f5c06b8} (e5eb80d7)
 - private final 'componentType' 'Ljava/lang/Class;' @64  NULL (0)
 - private volatile transient 'reflectionData' 'Ljava/lang/ref/SoftReference;' @68  NULL (0)
 - private volatile transient 'genericInfo' 'Lsun/reflect/generics/repository/ClassRepository;' @72  NULL (0)
 - private volatile transient 'enumConstants' '[Ljava/lang/Object;' @76  NULL (0)
 - private volatile transient 'enumConstantDirectory' 'Ljava/util/Map;' @80  NULL (0)
 - private volatile transient 'annotationData' 'Ljava/lang/Class$AnnotationData;' @84  NULL (0)
 - private volatile transient 'annotationType' 'Lsun/reflect/annotation/AnnotationType;' @88  NULL (0)
 - transient 'classValueMap' 'Ljava/lang/ClassValue$ClassValueMap;' @92  NULL (0)
 - abstract internal 'protection_domain' 'Ljava/lang/Object;' @96  a 'java/security/ProtectionDomain'{0x000000072f5e4210} (e5ebc842)
 - abstract internal 'signers_name' 'Ljava/lang/Object;' @100  NULL (0)
 - abstract internal 'source_file' 'Ljava/lang/Object;' @104  NULL (0)
 - signature: Lorg/lwjgl/opengl/GL20C;
 - ---- static fields (0):
 - public static final 'GL_SHADING_LANGUAGE_VERSION' 'I' @112  35724 (8b8c)
 - public static final 'GL_CURRENT_PROGRAM' 'I' @116  35725 (8b8d)
 - public static final 'GL_SHADER_TYPE' 'I' @120  35663 (8b4f)
 - public static final 'GL_DELETE_STATUS' 'I' @124  35712 (8b80)
 - public static final 'GL_COMPILE_STATUS' 'I' @128  35713 (8b81)
 - public static final 'GL_LINK_STATUS' 'I' @132  35714 (8b82)
 - public static final 'GL_VALIDATE_STATUS' 'I' @136  35715 (8b83)
 - public static final 'GL_INFO_LOG_LENGTH' 'I' @140  35716 (8b84)
 - public static final 'GL_ATTACHED_SHADERS' 'I' @144  35717 (8b85)
 - public static final 'GL_ACTIVE_UNIFORMS' 'I' @148  35718 (8b86)
 - public static final 'GL_ACTIVE_UNIFORM_MAX_LENGTH' 'I' @152  35719 (8b87)
 - public static final 'GL_ACTIVE_ATTRIBUTES' 'I' @156  35721 (8b89)
 - public static final 'GL_ACTIVE_ATTRIBUTE_MAX_LENGTH' 'I' @160  35722 (8b8a)
 - public static final 'GL_SHADER_SOURCE_LENGTH' 'I' @164  35720 (8b88)
 - public static final 'GL_FLOAT_VEC2' 'I' @168  35664 (8b50)
 - public static final 'GL_FLOAT_VEC3' 'I' @172  35665 (8b51)
 - public static final 'GL_FLOAT_VEC4' 'I' @176  35666 (8b52)
 - public static final 'GL_INT_VEC2' 'I' @180  35667 (8b53)
 - public static final 'GL_INT_VEC3' 'I' @184  35668 (8b54)
 - public static final 'GL_INT_VEC4' 'I' @188  35669 (8b55)
 - public static final 'GL_BOOL' 'I' @192  35670 (8b56)
 - public static final 'GL_BOOL_VEC2' 'I' @196  35671 (8b57)
 - public static final 'GL_BOOL_VEC3' 'I' @200  35672 (8b58)
 - public static final 'GL_BOOL_VEC4' 'I' @204  35673 (8b59)
 - public static final 'GL_FLOAT_MAT2' 'I' @208  35674 (8b5a)
 - public static final 'GL_FLOAT_MAT3' 'I' @212  35675 (8b5b)
 - public static final 'GL_FLOAT_MAT4' 'I' @216  35676 (8b5c)
 - public static final 'GL_SAMPLER_1D' 'I' @220  35677 (8b5d)
 - public static final 'GL_SAMPLER_2D' 'I' @224  35678 (8b5e)
 - public static final 'GL_SAMPLER_3D' 'I' @228  35679 (8b5f)
 - public static final 'GL_SAMPLER_CUBE' 'I' @232  35680 (8b60)
 - public static final 'GL_SAMPLER_1D_SHADOW' 'I' @236  35681 (8b61)
 - public static final 'GL_SAMPLER_2D_SHADOW' 'I' @240  35682 (8b62)
 - public static final 'GL_VERTEX_SHADER' 'I' @244  35633 (8b31)
 - public static final 'GL_MAX_VERTEX_UNIFORM_COMPONENTS' 'I' @248  35658 (8b4a)
 - public static final 'GL_MAX_VARYING_FLOATS' 'I' @252  35659 (8b4b)
 - public static final 'GL_MAX_VERTEX_ATTRIBS' 'I' @256  34921 (8869)
 - public static final 'GL_MAX_TEXTURE_IMAGE_UNITS' 'I' @260  34930 (8872)
 - public static final 'GL_MAX_VERTEX_TEXTURE_IMAGE_UNITS' 'I' @264  35660 (8b4c)
 - public static final 'GL_MAX_COMBINED_TEXTURE_IMAGE_UNITS' 'I' @268  35661 (8b4d)
 - public static final 'GL_VERTEX_PROGRAM_POINT_SIZE' 'I' @272  34370 (8642)
 - public static final 'GL_VERTEX_ATTRIB_ARRAY_ENABLED' 'I' @276  34338 (8622)
 - public static final 'GL_VERTEX_ATTRIB_ARRAY_SIZE' 'I' @280  34339 (8623)
 - public static final 'GL_VERTEX_ATTRIB_ARRAY_STRIDE' 'I' @284  34340 (8624)
 - public static final 'GL_VERTEX_ATTRIB_ARRAY_TYPE' 'I' @288  34341 (8625)
 - public static final 'GL_VERTEX_ATTRIB_ARRAY_NORMALIZED' 'I' @292  34922 (886a)
 - public static final 'GL_CURRENT_VERTEX_ATTRIB' 'I' @296  34342 (8626)
 - public static final 'GL_VERTEX_ATTRIB_ARRAY_POINTER' 'I' @300  34373 (8645)
 - public static final 'GL_FRAGMENT_SHADER' 'I' @304  35632 (8b30)
 - public static final 'GL_MAX_FRAGMENT_UNIFORM_COMPONENTS' 'I' @308  35657 (8b49)
 - public static final 'GL_FRAGMENT_SHADER_DERIVATIVE_HINT' 'I' @312  35723 (8b8b)
 - public static final 'GL_MAX_DRAW_BUFFERS' 'I' @316  34852 (8824)
 - public static final 'GL_DRAW_BUFFER0' 'I' @320  34853 (8825)
 - public static final 'GL_DRAW_BUFFER1' 'I' @324  34854 (8826)
 - public static final 'GL_DRAW_BUFFER2' 'I' @328  34855 (8827)
 - public static final 'GL_DRAW_BUFFER3' 'I' @332  34856 (8828)
 - public static final 'GL_DRAW_BUFFER4' 'I' @336  34857 (8829)
 - public static final 'GL_DRAW_BUFFER5' 'I' @340  34858 (882a)
 - public static final 'GL_DRAW_BUFFER6' 'I' @344  34859 (882b)
 - public static final 'GL_DRAW_BUFFER7' 'I' @348  34860 (882c)
 - public static final 'GL_DRAW_BUFFER8' 'I' @352  34861 (882d)
 - public static final 'GL_DRAW_BUFFER9' 'I' @356  34862 (882e)
 - public static final 'GL_DRAW_BUFFER10' 'I' @360  34863 (882f)
 - public static final 'GL_DRAW_BUFFER11' 'I' @364  34864 (8830)
 - public static final 'GL_DRAW_BUFFER12' 'I' @368  34865 (8831)
 - public static final 'GL_DRAW_BUFFER13' 'I' @372  34866 (8832)
 - public static final 'GL_DRAW_BUFFER14' 'I' @376  34867 (8833)
 - public static final 'GL_DRAW_BUFFER15' 'I' @380  34868 (8834)
 - public static final 'GL_POINT_SPRITE_COORD_ORIGIN' 'I' @384  36000 (8ca0)
 - public static final 'GL_LOWER_LEFT' 'I' @388  36001 (8ca1)
 - public static final 'GL_UPPER_LEFT' 'I' @392  36002 (8ca2)
 - public static final 'GL_BLEND_EQUATION_RGB' 'I' @396  32777 (8009)
 - public static final 'GL_BLEND_EQUATION_ALPHA' 'I' @400  34877 (883d)
 - public static final 'GL_STENCIL_BACK_FUNC' 'I' @404  34816 (8800)
 - public static final 'GL_STENCIL_BACK_FAIL' 'I' @408  34817 (8801)
 - public static final 'GL_STENCIL_BACK_PASS_DEPTH_FAIL' 'I' @412  34818 (8802)
 - public static final 'GL_STENCIL_BACK_PASS_DEPTH_PASS' 'I' @416  34819 (8803)
 - public static final 'GL_STENCIL_BACK_REF' 'I' @420  36003 (8ca3)
 - public static final 'GL_STENCIL_BACK_VALUE_MASK' 'I' @424  36004 (8ca4)
 - public static final 'GL_STENCIL_BACK_WRITEMASK' 'I' @428  36005 (8ca5)
R12=0x0 is NULL
R13=0x000001431fce0d10 is pointing into metadata
R14=0x000000254b4ff468 is pointing into the stack for thread: 0x00000143239a6160
R15=0x00000143239a6160 is a thread


Registers:
RAX=0x0000014323c7d300, RBX=0x000001431fce0d20, RCX=0x0000000000000000, RDX=0x000000254b4ff458
RSP=0x000000254b4ff3c8, RBP=0x000000254b4ff448, RSI=0x0000000000000000, RDI=0x00000143078794fe
R8 =0x0000000000008b31, R9 =0x0000000000000004, R10=0x000001430787d5f2, R11=0x000000072f1752f0
R12=0x0000000000000000, R13=0x000001431fce0d10, R14=0x000000254b4ff468, R15=0x00000143239a6160
RIP=0x00007ffa3435e0a7, EFLAGS=0x0000000000010202

Top of Stack: (sp=0x000000254b4ff3c8)
0x000000254b4ff3c8:   000001430787d621 000001431fce0d20
0x000000254b4ff3d8:   0000000000000000 000001431fc05e40
0x000000254b4ff3e8:   00000143239a6160 00000143239a6160
0x000000254b4ff3f8:   000001430787d2f6 000000254b4ff400
0x000000254b4ff408:   000001431fce0d10 000000254b4ff468
0x000000254b4ff418:   000001431fd0c338 0000000000000000
0x000000254b4ff428:   000000072f1752f0 000001431fce0d20
0x000000254b4ff438:   0000000000000000 000000254b4ff468
0x000000254b4ff448:   000000254b4ff4b8 0000014307879612
0x000000254b4ff458:   000000072f1752f0 000001430787af76
0x000000254b4ff468:   0000000000008b31 000000254b4ff470
0x000000254b4ff478:   000001431fc05e19 000000254b4ff4c8
0x000000254b4ff488:   000001431fc65aa8 0000000000000000
0x000000254b4ff498:   000000072f23a8e8 000001431fc05e40
0x000000254b4ff4a8:   000000254b4ff468 000000254b4ff4c8
0x000000254b4ff4b8:   000000254b4ff518 0000014307879612 

Instructions: (pc=0x00007ffa3435e0a7)
0x00007ffa3435dfa7:   8b c8 4c 8b 50 18 49 ff a2 f8 0d 00 00 cc cc cc
0x00007ffa3435dfb7:   cc cc cc cc cc cc cc cc cc 48 8b 01 41 8b c8 48
0x00007ffa3435dfc7:   8b 50 18 48 ff a2 00 0e 00 00 cc cc cc cc cc cc
0x00007ffa3435dfd7:   cc cc cc cc cc cc cc cc cc 48 8b 01 45 8b d8 4c
0x00007ffa3435dfe7:   8b 44 24 28 41 8b d1 41 8b cb 4c 8b 50 18 49 ff
0x00007ffa3435dff7:   a2 08 0e 00 00 cc cc cc cc 48 8b 01 45 8b d8 4c
0x00007ffa3435e007:   8b 44 24 28 41 8b d1 41 8b cb 4c 8b 50 18 49 ff
0x00007ffa3435e017:   a2 10 0e 00 00 cc cc cc cc 48 8b 01 45 8b d8 4c
0x00007ffa3435e027:   8b 44 24 28 41 8b d1 41 8b cb 4c 8b 50 18 49 ff
0x00007ffa3435e037:   a2 18 0e 00 00 cc cc cc cc 48 8b 01 48 8b 48 18
0x00007ffa3435e047:   48 8b 81 20 0e 00 00 48 ff e0 cc cc cc cc cc cc
0x00007ffa3435e057:   cc cc cc cc cc cc cc cc cc 48 8b 01 41 8b c8 48
0x00007ffa3435e067:   8b 50 18 48 ff a2 28 0e 00 00 cc cc cc cc cc cc
0x00007ffa3435e077:   cc cc cc cc cc cc cc cc cc 48 8b 01 48 8b 48 18
0x00007ffa3435e087:   48 8b 81 30 0e 00 00 41 8b c8 48 ff e0 cc cc cc
0x00007ffa3435e097:   cc cc cc cc cc cc cc cc cc 48 8b 01 48 8b 48 18
0x00007ffa3435e0a7:   48 8b 81 38 0e 00 00 41 8b c8 48 ff e0 cc cc cc
0x00007ffa3435e0b7:   cc cc cc cc cc cc cc cc cc 48 8b 01 41 8b c8 48
0x00007ffa3435e0c7:   8b 50 18 48 ff a2 40 0e 00 00 cc cc cc cc cc cc
0x00007ffa3435e0d7:   cc cc cc cc cc cc cc cc cc 48 8b 01 48 8b 48 18
0x00007ffa3435e0e7:   48 8b 81 48 0e 00 00 41 8b c8 48 ff e0 cc cc cc
0x00007ffa3435e0f7:   cc cc cc cc cc cc cc cc cc 48 8b 01 41 8b d1 41
0x00007ffa3435e107:   8b c8 4c 8b 50 18 49 ff a2 50 0e 00 00 cc cc cc
0x00007ffa3435e117:   cc cc cc cc cc cc cc cc cc 48 8b 01 41 8b d1 41
0x00007ffa3435e127:   8b c8 4c 8b 50 18 49 ff a2 58 0e 00 00 cc cc cc
0x00007ffa3435e137:   cc cc cc cc cc cc cc cc cc 40 53 48 8b 01 41 8b
0x00007ffa3435e147:   d8 4c 8b 44 24 30 41 8b d1 4c 8b 4c 24 38 8b cb
0x00007ffa3435e157:   4c 8b 50 18 5b 49 ff a2 60 0e 00 00 cc cc cc cc
0x00007ffa3435e167:   cc cc cc cc cc cc cc cc cc 48 8b 01 41 8b c8 48
0x00007ffa3435e177:   8b 50 18 48 ff a2 68 0e 00 00 cc cc cc cc cc cc
0x00007ffa3435e187:   cc cc cc cc cc cc cc cc cc 48 8b 01 41 8b c8 48
0x00007ffa3435e197:   8b 50 18 48 ff a2 70 0e 00 00 cc cc cc cc cc cc 


Stack slot to memory mapping:
stack at sp + 0 slots: 0x000001430787d621 is at code_begin+993 in an Interpreter codelet
method entry point (kind = native)  [0x000001430787d240, 0x000001430787dbc0]  2432 bytes
stack at sp + 1 slots: {method} {0x000001431fce0d28} 'glCreateShader' '(I)I' in 'org/lwjgl/opengl/GL20C'
stack at sp + 2 slots: 0x0 is NULL
stack at sp + 3 slots: {method} {0x000001431fc05e48} 'glCreateShader' '(I)I' in 'org/lwjgl/opengl/GL20'
stack at sp + 4 slots: 0x00000143239a6160 is a thread
stack at sp + 5 slots: 0x00000143239a6160 is a thread
stack at sp + 6 slots: 0x000001430787d2f6 is at code_begin+182 in an Interpreter codelet
method entry point (kind = native)  [0x000001430787d240, 0x000001430787dbc0]  2432 bytes
stack at sp + 7 slots: 0x000000254b4ff400 is pointing into the stack for thread: 0x00000143239a6160


---------------  P R O C E S S  ---------------

Threads class SMR info:
_java_thread_list=0x000001432395f150, length=13, elements={
0x000001437e5b0960, 0x000001437e5b19b0, 0x000001437e5cbfc0, 0x000001437e5ce880,
0x000001437e5d18e0, 0x000001437e5d5e30, 0x000001437e5d75c0, 0x000001437e5d8df0,
0x000001437e5ea640, 0x0000014323992b40, 0x000001432399c880, 0x00000143239a6160,
0x000001437cb81cb0
}

Java Threads: ( => current thread )
  0x000001437e5b0960 JavaThread "Reference Handler" daemon [_thread_blocked, id=14148, stack(0x000000254a800000,0x000000254a900000)]
  0x000001437e5b19b0 JavaThread "Finalizer" daemon [_thread_blocked, id=8848, stack(0x000000254a900000,0x000000254aa00000)]
  0x000001437e5cbfc0 JavaThread "Signal Dispatcher" daemon [_thread_blocked, id=3300, stack(0x000000254aa00000,0x000000254ab00000)]
  0x000001437e5ce880 JavaThread "Attach Listener" daemon [_thread_blocked, id=9888, stack(0x000000254ab00000,0x000000254ac00000)]
  0x000001437e5d18e0 JavaThread "Service Thread" daemon [_thread_blocked, id=24896, stack(0x000000254ac00000,0x000000254ad00000)]
  0x000001437e5d5e30 JavaThread "Monitor Deflation Thread" daemon [_thread_blocked, id=12184, stack(0x000000254ad00000,0x000000254ae00000)]
  0x000001437e5d75c0 JavaThread "C2 CompilerThread0" daemon [_thread_blocked, id=19164, stack(0x000000254ae00000,0x000000254af00000)]
  0x000001437e5d8df0 JavaThread "C1 CompilerThread0" daemon [_thread_blocked, id=11584, stack(0x000000254af00000,0x000000254b000000)]
  0x000001437e5ea640 JavaThread "Sweeper thread" daemon [_thread_blocked, id=24524, stack(0x000000254b000000,0x000000254b100000)]
  0x0000014323992b40 JavaThread "Notification Thread" daemon [_thread_blocked, id=12632, stack(0x000000254b100000,0x000000254b200000)]
  0x000001432399c880 JavaThread "Common-Cleaner" daemon [_thread_blocked, id=9508, stack(0x000000254b300000,0x000000254b400000)]
=>0x00000143239a6160 JavaThread "game" [_thread_in_native, id=1472, stack(0x000000254b400000,0x000000254b500000)]
  0x000001437cb81cb0 JavaThread "DestroyJavaVM" [_thread_blocked, id=20348, stack(0x000000254a100000,0x000000254a200000)]

Other Threads:
  0x000001437e5ada50 VMThread "VM Thread" [stack: 0x000000254a700000,0x000000254a800000] [id=27292]
  0x0000014323999430 WatcherThread "VM Periodic Task Thread" [stack: 0x000000254b200000,0x000000254b300000] [id=3132]
  0x000001437cbe9490 WorkerThread "GC Thread#0" [stack: 0x000000254a200000,0x000000254a300000] [id=2428]
  0x000001437cbf8b50 ConcurrentGCThread "G1 Main Marker" [stack: 0x000000254a300000,0x000000254a400000] [id=22632]
  0x000001437cbf9540 WorkerThread "G1 Conc#0" [stack: 0x000000254a400000,0x000000254a500000] [id=19744]
  0x000001437cc36b30 ConcurrentGCThread "G1 Refine#0" [stack: 0x000000254a500000,0x000000254a600000] [id=16076]
  0x000001437cc37440 ConcurrentGCThread "G1 Service" [stack: 0x000000254a600000,0x000000254a700000] [id=10252]

Threads with active compile tasks:

VM state: not at safepoint (normal execution)

VM Mutex/Monitor currently owned by a thread: None

Heap address: 0x0000000721600000, size: 3562 MB, Compressed Oops mode: Zero based, Oop shift amount: 3

CDS archive(s) mapped at: [0x0000000800000000-0x0000000800ba0000-0x0000000800ba0000), size 12189696, SharedBaseAddress: 0x0000000800000000, ArchiveRelocationMode: 0.
Compressed class space mapped at: 0x0000000800c00000-0x0000000840c00000, reserved size: 1073741824
Narrow klass base: 0x0000000800000000, Narrow klass shift: 0, Narrow klass range: 0x100000000

GC Precious Log:
 CardTable entry size: 512
 Card Set container configuration: InlinePtr #cards 4 size 8 Array Of Cards #cards 16 size 48 Howl #buckets 8 coarsen threshold 3686 Howl Bitmap #cards 512 size 80 coarsen threshold 460 Card regions per heap region 1 cards per card region 4096
 CPUs: 4 total, 4 available
 Memory: 14246M
 Large Page Support: Disabled
 NUMA Support: Disabled
 Compressed Oops: Enabled (Zero based)
 Heap Region Size: 2M
 Heap Min Capacity: 8M
 Heap Initial Capacity: 224M
 Heap Max Capacity: 3562M
 Pre-touch: Disabled
 Parallel Workers: 4
 Concurrent Workers: 1
 Concurrent Refinement Workers: 4
 Periodic GC: Disabled

Heap:
 garbage-first heap   total 229376K, used 4096K [0x0000000721600000, 0x0000000800000000)
  region size 2048K, 3 young (6144K), 0 survivors (0K)
 Metaspace       used 2182K, committed 2368K, reserved 1114112K
  class space    used 134K, committed 256K, reserved 1048576K

Heap Regions: E=young(eden), S=young(survivor), O=old, HS=humongous(starts), HC=humongous(continues), CS=collection set, F=free, OA=open archive, CA=closed archive, TAMS=top-at-mark-start (previous, next)
|   0|0x0000000721600000, 0x0000000721600000, 0x0000000721800000|  0%| F|  |TAMS 0x0000000721600000, 0x0000000721600000| Untracked 
|   1|0x0000000721800000, 0x0000000721800000, 0x0000000721a00000|  0%| F|  |TAMS 0x0000000721800000, 0x0000000721800000| Untracked 
|   2|0x0000000721a00000, 0x0000000721a00000, 0x0000000721c00000|  0%| F|  |TAMS 0x0000000721a00000, 0x0000000721a00000| Untracked 
|   3|0x0000000721c00000, 0x0000000721c00000, 0x0000000721e00000|  0%| F|  |TAMS 0x0000000721c00000, 0x0000000721c00000| Untracked 
|   4|0x0000000721e00000, 0x0000000721e00000, 0x0000000722000000|  0%| F|  |TAMS 0x0000000721e00000, 0x0000000721e00000| Untracked 
|   5|0x0000000722000000, 0x0000000722000000, 0x0000000722200000|  0%| F|  |TAMS 0x0000000722000000, 0x0000000722000000| Untracked 
|   6|0x0000000722200000, 0x0000000722200000, 0x0000000722400000|  0%| F|  |TAMS 0x0000000722200000, 0x0000000722200000| Untracked 
|   7|0x0000000722400000, 0x0000000722400000, 0x0000000722600000|  0%| F|  |TAMS 0x0000000722400000, 0x0000000722400000| Untracked 
|   8|0x0000000722600000, 0x0000000722600000, 0x0000000722800000|  0%| F|  |TAMS 0x0000000722600000, 0x0000000722600000| Untracked 
|   9|0x0000000722800000, 0x0000000722800000, 0x0000000722a00000|  0%| F|  |TAMS 0x0000000722800000, 0x0000000722800000| Untracked 
|  10|0x0000000722a00000, 0x0000000722a00000, 0x0000000722c00000|  0%| F|  |TAMS 0x0000000722a00000, 0x0000000722a00000| Untracked 
|  11|0x0000000722c00000, 0x0000000722c00000, 0x0000000722e00000|  0%| F|  |TAMS 0x0000000722c00000, 0x0000000722c00000| Untracked 
|  12|0x0000000722e00000, 0x0000000722e00000, 0x0000000723000000|  0%| F|  |TAMS 0x0000000722e00000, 0x0000000722e00000| Untracked 
|  13|0x0000000723000000, 0x0000000723000000, 0x0000000723200000|  0%| F|  |TAMS 0x0000000723000000, 0x0000000723000000| Untracked 
|  14|0x0000000723200000, 0x0000000723200000, 0x0000000723400000|  0%| F|  |TAMS 0x0000000723200000, 0x0000000723200000| Untracked 
|  15|0x0000000723400000, 0x0000000723400000, 0x0000000723600000|  0%| F|  |TAMS 0x0000000723400000, 0x0000000723400000| Untracked 
|  16|0x0000000723600000, 0x0000000723600000, 0x0000000723800000|  0%| F|  |TAMS 0x0000000723600000, 0x0000000723600000| Untracked 
|  17|0x0000000723800000, 0x0000000723800000, 0x0000000723a00000|  0%| F|  |TAMS 0x0000000723800000, 0x0000000723800000| Untracked 
|  18|0x0000000723a00000, 0x0000000723a00000, 0x0000000723c00000|  0%| F|  |TAMS 0x0000000723a00000, 0x0000000723a00000| Untracked 
|  19|0x0000000723c00000, 0x0000000723c00000, 0x0000000723e00000|  0%| F|  |TAMS 0x0000000723c00000, 0x0000000723c00000| Untracked 
|  20|0x0000000723e00000, 0x0000000723e00000, 0x0000000724000000|  0%| F|  |TAMS 0x0000000723e00000, 0x0000000723e00000| Untracked 
|  21|0x0000000724000000, 0x0000000724000000, 0x0000000724200000|  0%| F|  |TAMS 0x0000000724000000, 0x0000000724000000| Untracked 
|  22|0x0000000724200000, 0x0000000724200000, 0x0000000724400000|  0%| F|  |TAMS 0x0000000724200000, 0x0000000724200000| Untracked 
|  23|0x0000000724400000, 0x0000000724400000, 0x0000000724600000|  0%| F|  |TAMS 0x0000000724400000, 0x0000000724400000| Untracked 
|  24|0x0000000724600000, 0x0000000724600000, 0x0000000724800000|  0%| F|  |TAMS 0x0000000724600000, 0x0000000724600000| Untracked 
|  25|0x0000000724800000, 0x0000000724800000, 0x0000000724a00000|  0%| F|  |TAMS 0x0000000724800000, 0x0000000724800000| Untracked 
|  26|0x0000000724a00000, 0x0000000724a00000, 0x0000000724c00000|  0%| F|  |TAMS 0x0000000724a00000, 0x0000000724a00000| Untracked 
|  27|0x0000000724c00000, 0x0000000724c00000, 0x0000000724e00000|  0%| F|  |TAMS 0x0000000724c00000, 0x0000000724c00000| Untracked 
|  28|0x0000000724e00000, 0x0000000724e00000, 0x0000000725000000|  0%| F|  |TAMS 0x0000000724e00000, 0x0000000724e00000| Untracked 
|  29|0x0000000725000000, 0x0000000725000000, 0x0000000725200000|  0%| F|  |TAMS 0x0000000725000000, 0x0000000725000000| Untracked 
|  30|0x0000000725200000, 0x0000000725200000, 0x0000000725400000|  0%| F|  |TAMS 0x0000000725200000, 0x0000000725200000| Untracked 
|  31|0x0000000725400000, 0x0000000725400000, 0x0000000725600000|  0%| F|  |TAMS 0x0000000725400000, 0x0000000725400000| Untracked 
|  32|0x0000000725600000, 0x0000000725600000, 0x0000000725800000|  0%| F|  |TAMS 0x0000000725600000, 0x0000000725600000| Untracked 
|  33|0x0000000725800000, 0x0000000725800000, 0x0000000725a00000|  0%| F|  |TAMS 0x0000000725800000, 0x0000000725800000| Untracked 
|  34|0x0000000725a00000, 0x0000000725a00000, 0x0000000725c00000|  0%| F|  |TAMS 0x0000000725a00000, 0x0000000725a00000| Untracked 
|  35|0x0000000725c00000, 0x0000000725c00000, 0x0000000725e00000|  0%| F|  |TAMS 0x0000000725c00000, 0x0000000725c00000| Untracked 
|  36|0x0000000725e00000, 0x0000000725e00000, 0x0000000726000000|  0%| F|  |TAMS 0x0000000725e00000, 0x0000000725e00000| Untracked 
|  37|0x0000000726000000, 0x0000000726000000, 0x0000000726200000|  0%| F|  |TAMS 0x0000000726000000, 0x0000000726000000| Untracked 
|  38|0x0000000726200000, 0x0000000726200000, 0x0000000726400000|  0%| F|  |TAMS 0x0000000726200000, 0x0000000726200000| Untracked 
|  39|0x0000000726400000, 0x0000000726400000, 0x0000000726600000|  0%| F|  |TAMS 0x0000000726400000, 0x0000000726400000| Untracked 
|  40|0x0000000726600000, 0x0000000726600000, 0x0000000726800000|  0%| F|  |TAMS 0x0000000726600000, 0x0000000726600000| Untracked 
|  41|0x0000000726800000, 0x0000000726800000, 0x0000000726a00000|  0%| F|  |TAMS 0x0000000726800000, 0x0000000726800000| Untracked 
|  42|0x0000000726a00000, 0x0000000726a00000, 0x0000000726c00000|  0%| F|  |TAMS 0x0000000726a00000, 0x0000000726a00000| Untracked 
|  43|0x0000000726c00000, 0x0000000726c00000, 0x0000000726e00000|  0%| F|  |TAMS 0x0000000726c00000, 0x0000000726c00000| Untracked 
|  44|0x0000000726e00000, 0x0000000726e00000, 0x0000000727000000|  0%| F|  |TAMS 0x0000000726e00000, 0x0000000726e00000| Untracked 
|  45|0x0000000727000000, 0x0000000727000000, 0x0000000727200000|  0%| F|  |TAMS 0x0000000727000000, 0x0000000727000000| Untracked 
|  46|0x0000000727200000, 0x0000000727200000, 0x0000000727400000|  0%| F|  |TAMS 0x0000000727200000, 0x0000000727200000| Untracked 
|  47|0x0000000727400000, 0x0000000727400000, 0x0000000727600000|  0%| F|  |TAMS 0x0000000727400000, 0x0000000727400000| Untracked 
|  48|0x0000000727600000, 0x0000000727600000, 0x0000000727800000|  0%| F|  |TAMS 0x0000000727600000, 0x0000000727600000| Untracked 
|  49|0x0000000727800000, 0x0000000727800000, 0x0000000727a00000|  0%| F|  |TAMS 0x0000000727800000, 0x0000000727800000| Untracked 
|  50|0x0000000727a00000, 0x0000000727a00000, 0x0000000727c00000|  0%| F|  |TAMS 0x0000000727a00000, 0x0000000727a00000| Untracked 
|  51|0x0000000727c00000, 0x0000000727c00000, 0x0000000727e00000|  0%| F|  |TAMS 0x0000000727c00000, 0x0000000727c00000| Untracked 
|  52|0x0000000727e00000, 0x0000000727e00000, 0x0000000728000000|  0%| F|  |TAMS 0x0000000727e00000, 0x0000000727e00000| Untracked 
|  53|0x0000000728000000, 0x0000000728000000, 0x0000000728200000|  0%| F|  |TAMS 0x0000000728000000, 0x0000000728000000| Untracked 
|  54|0x0000000728200000, 0x0000000728200000, 0x0000000728400000|  0%| F|  |TAMS 0x0000000728200000, 0x0000000728200000| Untracked 
|  55|0x0000000728400000, 0x0000000728400000, 0x0000000728600000|  0%| F|  |TAMS 0x0000000728400000, 0x0000000728400000| Untracked 
|  56|0x0000000728600000, 0x0000000728600000, 0x0000000728800000|  0%| F|  |TAMS 0x0000000728600000, 0x0000000728600000| Untracked 
|  57|0x0000000728800000, 0x0000000728800000, 0x0000000728a00000|  0%| F|  |TAMS 0x0000000728800000, 0x0000000728800000| Untracked 
|  58|0x0000000728a00000, 0x0000000728a00000, 0x0000000728c00000|  0%| F|  |TAMS 0x0000000728a00000, 0x0000000728a00000| Untracked 
|  59|0x0000000728c00000, 0x0000000728c00000, 0x0000000728e00000|  0%| F|  |TAMS 0x0000000728c00000, 0x0000000728c00000| Untracked 
|  60|0x0000000728e00000, 0x0000000728e00000, 0x0000000729000000|  0%| F|  |TAMS 0x0000000728e00000, 0x0000000728e00000| Untracked 
|  61|0x0000000729000000, 0x0000000729000000, 0x0000000729200000|  0%| F|  |TAMS 0x0000000729000000, 0x0000000729000000| Untracked 
|  62|0x0000000729200000, 0x0000000729200000, 0x0000000729400000|  0%| F|  |TAMS 0x0000000729200000, 0x0000000729200000| Untracked 
|  63|0x0000000729400000, 0x0000000729400000, 0x0000000729600000|  0%| F|  |TAMS 0x0000000729400000, 0x0000000729400000| Untracked 
|  64|0x0000000729600000, 0x0000000729600000, 0x0000000729800000|  0%| F|  |TAMS 0x0000000729600000, 0x0000000729600000| Untracked 
|  65|0x0000000729800000, 0x0000000729800000, 0x0000000729a00000|  0%| F|  |TAMS 0x0000000729800000, 0x0000000729800000| Untracked 
|  66|0x0000000729a00000, 0x0000000729a00000, 0x0000000729c00000|  0%| F|  |TAMS 0x0000000729a00000, 0x0000000729a00000| Untracked 
|  67|0x0000000729c00000, 0x0000000729c00000, 0x0000000729e00000|  0%| F|  |TAMS 0x0000000729c00000, 0x0000000729c00000| Untracked 
|  68|0x0000000729e00000, 0x0000000729e00000, 0x000000072a000000|  0%| F|  |TAMS 0x0000000729e00000, 0x0000000729e00000| Untracked 
|  69|0x000000072a000000, 0x000000072a000000, 0x000000072a200000|  0%| F|  |TAMS 0x000000072a000000, 0x000000072a000000| Untracked 
|  70|0x000000072a200000, 0x000000072a200000, 0x000000072a400000|  0%| F|  |TAMS 0x000000072a200000, 0x000000072a200000| Untracked 
|  71|0x000000072a400000, 0x000000072a400000, 0x000000072a600000|  0%| F|  |TAMS 0x000000072a400000, 0x000000072a400000| Untracked 
|  72|0x000000072a600000, 0x000000072a600000, 0x000000072a800000|  0%| F|  |TAMS 0x000000072a600000, 0x000000072a600000| Untracked 
|  73|0x000000072a800000, 0x000000072a800000, 0x000000072aa00000|  0%| F|  |TAMS 0x000000072a800000, 0x000000072a800000| Untracked 
|  74|0x000000072aa00000, 0x000000072aa00000, 0x000000072ac00000|  0%| F|  |TAMS 0x000000072aa00000, 0x000000072aa00000| Untracked 
|  75|0x000000072ac00000, 0x000000072ac00000, 0x000000072ae00000|  0%| F|  |TAMS 0x000000072ac00000, 0x000000072ac00000| Untracked 
|  76|0x000000072ae00000, 0x000000072ae00000, 0x000000072b000000|  0%| F|  |TAMS 0x000000072ae00000, 0x000000072ae00000| Untracked 
|  77|0x000000072b000000, 0x000000072b000000, 0x000000072b200000|  0%| F|  |TAMS 0x000000072b000000, 0x000000072b000000| Untracked 
|  78|0x000000072b200000, 0x000000072b200000, 0x000000072b400000|  0%| F|  |TAMS 0x000000072b200000, 0x000000072b200000| Untracked 
|  79|0x000000072b400000, 0x000000072b400000, 0x000000072b600000|  0%| F|  |TAMS 0x000000072b400000, 0x000000072b400000| Untracked 
|  80|0x000000072b600000, 0x000000072b600000, 0x000000072b800000|  0%| F|  |TAMS 0x000000072b600000, 0x000000072b600000| Untracked 
|  81|0x000000072b800000, 0x000000072b800000, 0x000000072ba00000|  0%| F|  |TAMS 0x000000072b800000, 0x000000072b800000| Untracked 
|  82|0x000000072ba00000, 0x000000072ba00000, 0x000000072bc00000|  0%| F|  |TAMS 0x000000072ba00000, 0x000000072ba00000| Untracked 
|  83|0x000000072bc00000, 0x000000072bc00000, 0x000000072be00000|  0%| F|  |TAMS 0x000000072bc00000, 0x000000072bc00000| Untracked 
|  84|0x000000072be00000, 0x000000072be00000, 0x000000072c000000|  0%| F|  |TAMS 0x000000072be00000, 0x000000072be00000| Untracked 
|  85|0x000000072c000000, 0x000000072c000000, 0x000000072c200000|  0%| F|  |TAMS 0x000000072c000000, 0x000000072c000000| Untracked 
|  86|0x000000072c200000, 0x000000072c200000, 0x000000072c400000|  0%| F|  |TAMS 0x000000072c200000, 0x000000072c200000| Untracked 
|  87|0x000000072c400000, 0x000000072c400000, 0x000000072c600000|  0%| F|  |TAMS 0x000000072c400000, 0x000000072c400000| Untracked 
|  88|0x000000072c600000, 0x000000072c600000, 0x000000072c800000|  0%| F|  |TAMS 0x000000072c600000, 0x000000072c600000| Untracked 
|  89|0x000000072c800000, 0x000000072c800000, 0x000000072ca00000|  0%| F|  |TAMS 0x000000072c800000, 0x000000072c800000| Untracked 
|  90|0x000000072ca00000, 0x000000072ca00000, 0x000000072cc00000|  0%| F|  |TAMS 0x000000072ca00000, 0x000000072ca00000| Untracked 
|  91|0x000000072cc00000, 0x000000072cc00000, 0x000000072ce00000|  0%| F|  |TAMS 0x000000072cc00000, 0x000000072cc00000| Untracked 
|  92|0x000000072ce00000, 0x000000072ce00000, 0x000000072d000000|  0%| F|  |TAMS 0x000000072ce00000, 0x000000072ce00000| Untracked 
|  93|0x000000072d000000, 0x000000072d000000, 0x000000072d200000|  0%| F|  |TAMS 0x000000072d000000, 0x000000072d000000| Untracked 
|  94|0x000000072d200000, 0x000000072d200000, 0x000000072d400000|  0%| F|  |TAMS 0x000000072d200000, 0x000000072d200000| Untracked 
|  95|0x000000072d400000, 0x000000072d400000, 0x000000072d600000|  0%| F|  |TAMS 0x000000072d400000, 0x000000072d400000| Untracked 
|  96|0x000000072d600000, 0x000000072d600000, 0x000000072d800000|  0%| F|  |TAMS 0x000000072d600000, 0x000000072d600000| Untracked 
|  97|0x000000072d800000, 0x000000072d800000, 0x000000072da00000|  0%| F|  |TAMS 0x000000072d800000, 0x000000072d800000| Untracked 
|  98|0x000000072da00000, 0x000000072da00000, 0x000000072dc00000|  0%| F|  |TAMS 0x000000072da00000, 0x000000072da00000| Untracked 
|  99|0x000000072dc00000, 0x000000072dc00000, 0x000000072de00000|  0%| F|  |TAMS 0x000000072dc00000, 0x000000072dc00000| Untracked 
| 100|0x000000072de00000, 0x000000072de00000, 0x000000072e000000|  0%| F|  |TAMS 0x000000072de00000, 0x000000072de00000| Untracked 
| 101|0x000000072e000000, 0x000000072e000000, 0x000000072e200000|  0%| F|  |TAMS 0x000000072e000000, 0x000000072e000000| Untracked 
| 102|0x000000072e200000, 0x000000072e200000, 0x000000072e400000|  0%| F|  |TAMS 0x000000072e200000, 0x000000072e200000| Untracked 
| 103|0x000000072e400000, 0x000000072e400000, 0x000000072e600000|  0%| F|  |TAMS 0x000000072e400000, 0x000000072e400000| Untracked 
| 104|0x000000072e600000, 0x000000072e600000, 0x000000072e800000|  0%| F|  |TAMS 0x000000072e600000, 0x000000072e600000| Untracked 
| 105|0x000000072e800000, 0x000000072e800000, 0x000000072ea00000|  0%| F|  |TAMS 0x000000072e800000, 0x000000072e800000| Untracked 
| 106|0x000000072ea00000, 0x000000072ea00000, 0x000000072ec00000|  0%| F|  |TAMS 0x000000072ea00000, 0x000000072ea00000| Untracked 
| 107|0x000000072ec00000, 0x000000072ec00000, 0x000000072ee00000|  0%| F|  |TAMS 0x000000072ec00000, 0x000000072ec00000| Untracked 
| 108|0x000000072ee00000, 0x000000072ee00000, 0x000000072f000000|  0%| F|  |TAMS 0x000000072ee00000, 0x000000072ee00000| Untracked 
| 109|0x000000072f000000, 0x000000072f180520, 0x000000072f200000| 75%| E|  |TAMS 0x000000072f000000, 0x000000072f000000| Complete 
| 110|0x000000072f200000, 0x000000072f400000, 0x000000072f400000|100%| E|CS|TAMS 0x000000072f200000, 0x000000072f200000| Complete 
| 111|0x000000072f400000, 0x000000072f600000, 0x000000072f600000|100%| E|CS|TAMS 0x000000072f400000, 0x000000072f400000| Complete 

Card table byte_map: [0x000001437d340000,0x000001437da40000] _byte_map_base: 0x0000014379a35000

Marking Bits (Prev, Next): (CMBitMap*) 0x000001437cbe9a90, (CMBitMap*) 0x000001437cbe9ad0
 Prev Bits: [0x0000014316870000, 0x000001431a018000)
 Next Bits: [0x000001431a020000, 0x000001431d7c8000)

Polling page: 0x000001437ab50000

Metaspace:

Usage:
  Non-class:      2.00 MB used.
      Class:    134.73 KB used.
       Both:      2.13 MB used.

Virtual space:
  Non-class space:       64.00 MB reserved,       2.06 MB (  3%) committed,  1 nodes.
      Class space:        1.00 GB reserved,     256.00 KB ( <1%) committed,  1 nodes.
             Both:        1.06 GB reserved,       2.31 MB ( <1%) committed. 

Chunk freelists:
   Non-Class:  2.94 MB
       Class:  3.67 MB
        Both:  6.60 MB

MaxMetaspaceSize: unlimited
CompressedClassSpaceSize: 1.00 GB
Initial GC threshold: 21.00 MB
Current GC threshold: 21.00 MB
CDS: on
MetaspaceReclaimPolicy: balanced
 - commit_granule_bytes: 65536.
 - commit_granule_words: 8192.
 - virtual_space_node_default_size: 8388608.
 - enlarge_chunks_in_place: 1.
 - new_chunks_are_fully_committed: 0.
 - uncommit_free_chunks: 1.
 - use_allocation_guard: 0.


Internal statistics:

num_allocs_failed_limit: 0.
num_arena_births: 64.
num_arena_deaths: 0.
num_vsnodes_births: 2.
num_vsnodes_deaths: 0.
num_space_committed: 37.
num_space_uncommitted: 0.
num_chunks_returned_to_freelist: 0.
num_chunks_taken_from_freelist: 125.
num_chunk_merges: 0.
num_chunk_splits: 80.
num_chunks_enlarged: 50.
num_inconsistent_stats: 0.

CodeHeap 'non-profiled nmethods': size=120000Kb used=125Kb max_used=125Kb free=119874Kb
 bounds [0x000001430f340000, 0x000001430f5b0000, 0x0000014316870000]
CodeHeap 'profiled nmethods': size=120000Kb used=593Kb max_used=593Kb free=119406Kb
 bounds [0x0000014307e10000, 0x0000014308080000, 0x000001430f340000]
CodeHeap 'non-nmethods': size=5760Kb used=1175Kb max_used=1189Kb free=4584Kb
 bounds [0x0000014307870000, 0x0000014307ae0000, 0x0000014307e10000]
 total_blobs=883 nmethods=424 adapters=372
 compilation: enabled
              stopped_count=0, restarted_count=0
 full_count=0

Compilation events (20 events):
Event: 0.257 Thread 0x000001437e5d8df0  415       3       java.lang.Integer::toUnsignedLong (7 bytes)
Event: 0.257 Thread 0x000001437e5d8df0 nmethod 415 0x0000014307e9ee10 code [0x0000014307e9efa0, 0x0000014307e9f098]
Event: 0.257 Thread 0x000001437e5d8df0  416       3       sun.misc.Unsafe::putLong (11 bytes)
Event: 0.257 Thread 0x000001437e5d8df0 nmethod 416 0x0000014307e9f110 code [0x0000014307e9f2a0, 0x0000014307e9f3b8]
Event: 0.257 Thread 0x000001437e5d8df0  417       3       org.lwjgl.system.MemoryUtil::memPutAddress (29 bytes)
Event: 0.257 Thread 0x000001437e5d75c0  418       4       java.lang.Integer::toUnsignedLong (7 bytes)
Event: 0.257 Thread 0x000001437e5d8df0 nmethod 417 0x0000014307e9f490 code [0x0000014307e9f640, 0x0000014307e9f838]
Event: 0.257 Thread 0x000001437e5d75c0 nmethod 418 0x000001430f35ee10 code [0x000001430f35ef80, 0x000001430f35efd8]
Event: 0.257 Thread 0x000001437e5d75c0  419       4       sun.misc.Unsafe::putLong (11 bytes)
Event: 0.257 Thread 0x000001437e5d75c0 nmethod 419 0x000001430f35f110 code [0x000001430f35f280, 0x000001430f35f318]
Event: 0.259 Thread 0x000001437e5d8df0  420       3       sun.net.www.ParseUtil::firstEncodeIndex (86 bytes)
Event: 0.259 Thread 0x000001437e5d8df0 nmethod 420 0x0000014307e9f910 code [0x0000014307e9fb40, 0x0000014307ea0548]
Event: 0.259 Thread 0x000001437e5d8df0  421       1       jdk.internal.loader.URLClassPath$Loader::getBaseURL (5 bytes)
Event: 0.259 Thread 0x000001437e5d8df0 nmethod 421 0x000001430f35f410 code [0x000001430f35f5a0, 0x000001430f35f678]
Event: 0.259 Thread 0x000001437e5d8df0  422       3       java.lang.StringConcatHelper::initialCoder (14 bytes)
Event: 0.259 Thread 0x000001437e5d8df0 nmethod 422 0x0000014307ea0910 code [0x0000014307ea0aa0, 0x0000014307ea0bb8]
Event: 0.259 Thread 0x000001437e5d8df0  423       3       java.lang.String::concat (15 bytes)
Event: 0.260 Thread 0x000001437e5d8df0 nmethod 423 0x0000014307ea0c10 code [0x0000014307ea0f40, 0x0000014307ea2218]
Event: 0.260 Thread 0x000001437e5d8df0  424       3       java.lang.StringConcatHelper::simpleConcat (94 bytes)
Event: 0.261 Thread 0x000001437e5d8df0 nmethod 424 0x0000014307ea2890 code [0x0000014307ea2ba0, 0x0000014307ea3e18]

GC Heap History (0 events):
No events

Deoptimization events (8 events):
Event: 0.191 Thread 0x00000143239a6160 DEOPT PACKING pc=0x0000014307e2c9e7 sp=0x000000254b4fb9e0
Event: 0.191 Thread 0x00000143239a6160 DEOPT UNPACKING pc=0x00000143078c2b43 sp=0x000000254b4fae00 mode 0
Event: 0.195 Thread 0x00000143239a6160 DEOPT PACKING pc=0x0000014307e179d1 sp=0x000000254b4fc110
Event: 0.195 Thread 0x00000143239a6160 DEOPT UNPACKING pc=0x00000143078c2b43 sp=0x000000254b4fb588 mode 0
Event: 0.208 Thread 0x00000143239a6160 Uncommon trap: trap_request=0xffffff45 fr.pc=0x000001430f355e64 relative=0x0000000000000064
Event: 0.208 Thread 0x00000143239a6160 Uncommon trap: reason=unstable_if action=reinterpret pc=0x000001430f355e64 method=java.io.WinNTFileSystem.isSlash(C)Z @ 9 c2
Event: 0.208 Thread 0x00000143239a6160 DEOPT PACKING pc=0x000001430f355e64 sp=0x000000254b4fc250
Event: 0.208 Thread 0x00000143239a6160 DEOPT UNPACKING pc=0x00000143078c23a3 sp=0x000000254b4fc1d8 mode 2

Classes loaded (20 events):
Event: 0.234 Loading class java/nio/DirectCharBufferU
Event: 0.234 Loading class java/nio/DirectCharBufferU done
Event: 0.234 Loading class java/nio/DirectFloatBufferU
Event: 0.234 Loading class java/nio/DirectFloatBufferU done
Event: 0.234 Loading class java/nio/DirectDoubleBufferU
Event: 0.235 Loading class java/nio/DirectDoubleBufferU done
Event: 0.235 Loading class sun/misc/Unsafe
Event: 0.235 Loading class sun/misc/Unsafe done
Event: 0.235 Loading class java/lang/invoke/DirectMethodHandle$StaticAccessor
Event: 0.235 Loading class java/lang/invoke/DirectMethodHandle$StaticAccessor done
Event: 0.237 Loading class java/util/function/LongPredicate
Event: 0.237 Loading class java/util/function/LongPredicate done
Event: 0.239 Loading class jdk/internal/access/foreign/MemorySegmentProxy
Event: 0.240 Loading class jdk/internal/access/foreign/MemorySegmentProxy done
Event: 0.246 Loading class java/nio/InvalidMarkException
Event: 0.246 Loading class java/nio/InvalidMarkException done
Event: 0.246 Loading class java/nio/BufferUnderflowException
Event: 0.246 Loading class java/nio/BufferUnderflowException done
Event: 0.248 Loading class java/lang/IndexOutOfBoundsException
Event: 0.248 Loading class java/lang/IndexOutOfBoundsException done

Classes unloaded (0 events):
No events

Classes redefined (0 events):
No events

Internal exceptions (20 events):
Event: 0.153 Thread 0x00000143239a6160 Exception <a 'java/lang/NoSuchMethodError'{0x000000072f305578}: 'void java.lang.invoke.DirectMethodHandle$Holder.invokeSpecial(java.lang.Object, java.lang.Object, java.lang.Object)'> (0x000000072f305578) 
thrown [s\open\src\hotspot\share\interpreter\linkResolver.cpp, line 759]
Event: 0.157 Thread 0x00000143239a6160 Exception <a 'java/lang/NoSuchMethodError'{0x000000072f319e90}: 'java.lang.Object java.lang.invoke.DirectMethodHandle$Holder.invokeStatic(java.lang.Object, java.lang.Object, int)'> (0x000000072f319e90) 
thrown [s\open\src\hotspot\share\interpreter\linkResolver.cpp, line 759]
Event: 0.158 Thread 0x00000143239a6160 Exception <a 'java/lang/NoSuchMethodError'{0x000000072f326248}: 'void java.lang.invoke.DelegatingMethodHandle$Holder.delegate(java.lang.Object, java.lang.Object, int, java.lang.Object)'> (0x000000072f326248) 
thrown [s\open\src\hotspot\share\interpreter\linkResolver.cpp, line 759]
Event: 0.159 Thread 0x00000143239a6160 Exception <a 'java/lang/NoSuchMethodError'{0x000000072f32a490}: 'int java.lang.invoke.DirectMethodHandle$Holder.invokeSpecial(java.lang.Object, java.lang.Object, java.lang.Object)'> (0x000000072f32a490) 
thrown [s\open\src\hotspot\share\interpreter\linkResolver.cpp, line 759]
Event: 0.167 Thread 0x00000143239a6160 Exception <a 'java/lang/NoSuchMethodError'{0x000000072f34dd48}: 'void java.lang.System.loadLibrary(java.lang.String, java.lang.Class)'> (0x000000072f34dd48) 
thrown [s\open\src\hotspot\share\interpreter\linkResolver.cpp, line 759]
Event: 0.180 Thread 0x00000143239a6160 Exception <a 'java/lang/NoSuchMethodError'{0x000000072f3a9c00}: 'void java.lang.System.load(java.lang.String, java.lang.Class)'> (0x000000072f3a9c00) 
thrown [s\open\src\hotspot\share\interpreter\linkResolver.cpp, line 759]
Event: 0.181 Thread 0x00000143239a6160 Exception <a 'java/lang/NoSuchMethodError'{0x000000072f3acb88}: 'void java.lang.System.loadLibrary(java.lang.String, java.lang.Class)'> (0x000000072f3acb88) 
thrown [s\open\src\hotspot\share\interpreter\linkResolver.cpp, line 759]
Event: 0.215 Thread 0x00000143239a6160 Exception <a 'sun/nio/fs/WindowsException'{0x000000072f028cb8}> (0x000000072f028cb8) 
thrown [s\open\src\hotspot\share\prims\jni.cpp, line 516]
Event: 0.216 Thread 0x00000143239a6160 Exception <a 'sun/nio/fs/WindowsException'{0x000000072f029208}> (0x000000072f029208) 
thrown [s\open\src\hotspot\share\prims\jni.cpp, line 516]
Event: 0.224 Thread 0x00000143239a6160 Exception <a 'sun/nio/fs/WindowsException'{0x000000072f03e720}> (0x000000072f03e720) 
thrown [s\open\src\hotspot\share\prims\jni.cpp, line 516]
Event: 0.224 Thread 0x00000143239a6160 Exception <a 'sun/nio/fs/WindowsException'{0x000000072f03eac8}> (0x000000072f03eac8) 
thrown [s\open\src\hotspot\share\prims\jni.cpp, line 516]
Event: 0.228 Thread 0x00000143239a6160 Exception <a 'sun/nio/fs/WindowsException'{0x000000072f0458e0}> (0x000000072f0458e0) 
thrown [s\open\src\hotspot\share\prims\jni.cpp, line 516]
Event: 0.228 Thread 0x00000143239a6160 Exception <a 'sun/nio/fs/WindowsException'{0x000000072f045bc0}> (0x000000072f045bc0) 
thrown [s\open\src\hotspot\share\prims\jni.cpp, line 516]
Event: 0.233 Thread 0x00000143239a6160 Exception <a 'java/lang/NoSuchMethodError'{0x000000072f07b3a8}: 'java.lang.Object java.lang.invoke.DirectMethodHandle$Holder.invokeStaticInit(java.lang.Object)'> (0x000000072f07b3a8) 
thrown [s\open\src\hotspot\share\interpreter\linkResolver.cpp, line 759]
Event: 0.238 Thread 0x00000143239a6160 Exception <a 'java/lang/NoSuchMethodError'{0x000000072f0994b8}: 'int java.lang.invoke.DirectMethodHandle$Holder.invokeStaticInit(java.lang.Object, java.lang.Object, int, long)'> (0x000000072f0994b8) 
thrown [s\open\src\hotspot\share\interpreter\linkResolver.cpp, line 759]
Event: 0.238 Thread 0x00000143239a6160 Exception <a 'java/lang/NoSuchMethodError'{0x000000072f09f028}: 'java.lang.Object java.lang.invoke.DirectMethodHandle$Holder.newInvokeSpecial(java.lang.Object, java.lang.Object, int)'> (0x000000072f09f028) 
thrown [s\open\src\hotspot\share\interpreter\linkResolver.cpp, line 759]
Event: 0.241 Thread 0x00000143239a6160 Exception <a 'java/lang/NoSuchMethodError'{0x000000072f0ae778}: 'int java.lang.invoke.DirectMethodHandle$Holder.invokeStaticInit(java.lang.Object, java.lang.Object, long, long)'> (0x000000072f0ae778) 
thrown [s\open\src\hotspot\share\interpreter\linkResolver.cpp, line 759]
Event: 0.242 Thread 0x00000143239a6160 Exception <a 'java/lang/NoSuchMethodError'{0x000000072f0b4b30}: 'java.lang.Object java.lang.invoke.DirectMethodHandle$Holder.newInvokeSpecial(java.lang.Object, java.lang.Object, long)'> (0x000000072f0b4b30) 
thrown [s\open\src\hotspot\share\interpreter\linkResolver.cpp, line 759]
Event: 0.243 Thread 0x00000143239a6160 Exception <a 'java/lang/NoSuchMethodError'{0x000000072f0b8e98}: 'java.lang.Object java.lang.invoke.Invokers$Holder.linkToTargetMethod(java.lang.Object, long, java.lang.Object)'> (0x000000072f0b8e98) 
thrown [s\open\src\hotspot\share\interpreter\linkResolver.cpp, line 759]
Event: 0.244 Thread 0x00000143239a6160 Exception <a 'java/lang/NoSuchMethodError'{0x000000072f0c0680}: 'int java.lang.invoke.DirectMethodHandle$Holder.invokeStaticInit(java.lang.Object, java.lang.Object, java.lang.Object, long)'> (0x000000072f0c0680) 
thrown [s\open\src\hotspot\share\interpreter\linkResolver.cpp, line 759]

VM Operations (2 events):
Event: 0.115 Executing VM operation: HandshakeAllThreads
Event: 0.115 Executing VM operation: HandshakeAllThreads done

Events (20 events):
Event: 0.020 Thread 0x000001437e5b0960 Thread added: 0x000001437e5b0960
Event: 0.021 Thread 0x000001437e5b19b0 Thread added: 0x000001437e5b19b0
Event: 0.032 Thread 0x000001437e5cbfc0 Thread added: 0x000001437e5cbfc0
Event: 0.032 Thread 0x000001437e5ce880 Thread added: 0x000001437e5ce880
Event: 0.032 Thread 0x000001437e5d18e0 Thread added: 0x000001437e5d18e0
Event: 0.032 Thread 0x000001437e5d5e30 Thread added: 0x000001437e5d5e30
Event: 0.032 Thread 0x000001437e5d75c0 Thread added: 0x000001437e5d75c0
Event: 0.032 Thread 0x000001437e5d8df0 Thread added: 0x000001437e5d8df0
Event: 0.032 Thread 0x000001437e5ea640 Thread added: 0x000001437e5ea640
Event: 0.081 Thread 0x0000014323992b40 Thread added: 0x0000014323992b40
Event: 0.088 Thread 0x000001432399c880 Thread added: 0x000001432399c880
Event: 0.095 Thread 0x00000143239a6160 Thread added: 0x00000143239a6160
Event: 0.095 Thread 0x000001437cb81cb0 Thread exited: 0x000001437cb81cb0
Event: 0.095 Thread 0x000001437cb81cb0 Thread added: 0x000001437cb81cb0
Event: 0.105 Loaded shared library C:\Program Files\Java\jdk-18.0.2\bin\net.dll
Event: 0.107 Loaded shared library C:\Program Files\Java\jdk-18.0.2\bin\nio.dll
Event: 0.114 Loaded shared library C:\Program Files\Java\jdk-18.0.2\bin\zip.dll
Event: 0.186 Loaded shared library C:\Program Files\Java\jdk-18.0.2\bin\jimage.dll
Event: 0.217 Loaded shared library C:\Users\ryuku\AppData\Local\Temp\lwjglryuku\3.3.1-build-7\lwjgl.dll
Event: 0.226 Loaded shared library C:\Users\ryuku\AppData\Local\Temp\lwjglryuku\3.3.1-build-7\lwjgl_opengl.dll


Dynamic libraries:
0x00007ff69e240000 - 0x00007ff69e250000 	C:\Program Files\Java\jdk-18.0.2\bin\javaw.exe
0x00007ffa8d690000 - 0x00007ffa8d8a4000 	C:\WINDOWS\SYSTEM32\ntdll.dll
0x00007ffa8c580000 - 0x00007ffa8c642000 	C:\WINDOWS\System32\KERNEL32.DLL
0x00007ffa8ac30000 - 0x00007ffa8afcc000 	C:\WINDOWS\System32\KERNELBASE.dll
0x00007ffa8afd0000 - 0x00007ffa8b0e1000 	C:\WINDOWS\System32\ucrtbase.dll
0x00007ffa7b830000 - 0x00007ffa7b848000 	C:\Program Files\Java\jdk-18.0.2\bin\jli.dll
0x00007ffa8cc70000 - 0x00007ffa8cd1e000 	C:\WINDOWS\System32\ADVAPI32.dll
0x00007ffa8cd20000 - 0x00007ffa8cdc7000 	C:\WINDOWS\System32\msvcrt.dll
0x00007ffa8d570000 - 0x00007ffa8d614000 	C:\WINDOWS\System32\sechost.dll
0x00007ffa8cb50000 - 0x00007ffa8cc65000 	C:\WINDOWS\System32\RPCRT4.dll
0x00007ffa8b470000 - 0x00007ffa8b61b000 	C:\WINDOWS\System32\USER32.dll
0x00007ffa8b440000 - 0x00007ffa8b466000 	C:\WINDOWS\System32\win32u.dll
0x00007ffa8b620000 - 0x00007ffa8b649000 	C:\WINDOWS\System32\GDI32.dll
0x00007ffa8b0f0000 - 0x00007ffa8b202000 	C:\WINDOWS\System32\gdi32full.dll
0x00007ffa6c770000 - 0x00007ffa6c78a000 	C:\Program Files\Java\jdk-18.0.2\bin\VCRUNTIME140.dll
0x00007ffa8ab90000 - 0x00007ffa8ac2a000 	C:\WINDOWS\System32\msvcp_win.dll
0x00007ffa75800000 - 0x00007ffa75a8e000 	C:\WINDOWS\WinSxS\amd64_microsoft.windows.common-controls_6595b64144ccf1df_6.0.22621.436_none_a94247dbc10d8414\COMCTL32.dll
0x00007ffa89760000 - 0x00007ffa8976a000 	C:\WINDOWS\SYSTEM32\VERSION.dll
0x00007ffa8c380000 - 0x00007ffa8c3b1000 	C:\WINDOWS\System32\IMM32.DLL
0x00007ffa7b820000 - 0x00007ffa7b82c000 	C:\Program Files\Java\jdk-18.0.2\bin\vcruntime140_1.dll
0x00007ffa52260000 - 0x00007ffa522ed000 	C:\Program Files\Java\jdk-18.0.2\bin\msvcp140.dll
0x00007ffa11b70000 - 0x00007ffa12781000 	C:\Program Files\Java\jdk-18.0.2\bin\server\jvm.dll
0x00007ffa8b8d0000 - 0x00007ffa8b8d8000 	C:\WINDOWS\System32\PSAPI.DLL
0x00007ffa82050000 - 0x00007ffa82084000 	C:\WINDOWS\SYSTEM32\WINMM.dll
0x00007ffa774e0000 - 0x00007ffa774e9000 	C:\WINDOWS\SYSTEM32\WSOCK32.dll
0x00007ffa8cad0000 - 0x00007ffa8cb41000 	C:\WINDOWS\System32\WS2_32.dll
0x00007ffa89ae0000 - 0x00007ffa89af8000 	C:\WINDOWS\SYSTEM32\kernel.appcore.dll
0x00007ffa52250000 - 0x00007ffa5225a000 	C:\Program Files\Java\jdk-18.0.2\bin\jimage.dll
0x00007ffa842c0000 - 0x00007ffa844ee000 	C:\WINDOWS\SYSTEM32\DBGHELP.DLL
0x00007ffa8cf20000 - 0x00007ffa8d2a9000 	C:\WINDOWS\System32\combase.dll
0x00007ffa8b790000 - 0x00007ffa8b867000 	C:\WINDOWS\System32\OLEAUT32.dll
0x00007ffa7fd10000 - 0x00007ffa7fd42000 	C:\WINDOWS\SYSTEM32\dbgcore.DLL
0x00007ffa8ab10000 - 0x00007ffa8ab8b000 	C:\WINDOWS\System32\bcryptPrimitives.dll
0x00007ffa52220000 - 0x00007ffa52245000 	C:\Program Files\Java\jdk-18.0.2\bin\java.dll
0x00007ffa4a330000 - 0x00007ffa4a406000 	C:\Program Files\Java\jdk-18.0.2\bin\jsvml.dll
0x00007ffa8b8e0000 - 0x00007ffa8c0bb000 	C:\WINDOWS\System32\SHELL32.dll
0x00007ffa888b0000 - 0x00007ffa89165000 	C:\WINDOWS\SYSTEM32\windows.storage.dll
0x00007ffa88770000 - 0x00007ffa888ad000 	C:\WINDOWS\SYSTEM32\wintypes.dll
0x00007ffa8c280000 - 0x00007ffa8c371000 	C:\WINDOWS\System32\SHCORE.dll
0x00007ffa8d340000 - 0x00007ffa8d39e000 	C:\WINDOWS\System32\shlwapi.dll
0x00007ffa8a9d0000 - 0x00007ffa8a9f1000 	C:\WINDOWS\SYSTEM32\profapi.dll
0x00007ffa52200000 - 0x00007ffa52213000 	C:\Program Files\Java\jdk-18.0.2\bin\net.dll
0x00007ffa856c0000 - 0x00007ffa857ef000 	C:\WINDOWS\SYSTEM32\WINHTTP.dll
0x00007ffa89f40000 - 0x00007ffa89fa9000 	C:\WINDOWS\system32\mswsock.dll
0x00007ffa521e0000 - 0x00007ffa521f6000 	C:\Program Files\Java\jdk-18.0.2\bin\nio.dll
0x00007ffa521c0000 - 0x00007ffa521d8000 	C:\Program Files\Java\jdk-18.0.2\bin\zip.dll
0x00007ffa4a2b0000 - 0x00007ffa4a325000 	C:\Users\ryuku\AppData\Local\Temp\lwjglryuku\3.3.1-build-7\lwjgl.dll
0x00007ffa34350000 - 0x00007ffa343ad000 	C:\Users\ryuku\AppData\Local\Temp\lwjglryuku\3.3.1-build-7\lwjgl_opengl.dll
0x00007ffa3b450000 - 0x00007ffa3b550000 	C:\WINDOWS\SYSTEM32\opengl32.dll
0x00007ffa475b0000 - 0x00007ffa475dd000 	C:\WINDOWS\SYSTEM32\GLU32.dll
0x00007ffa87fd0000 - 0x00007ffa88006000 	C:\WINDOWS\SYSTEM32\dxcore.dll

dbghelp: loaded successfully - version: 4.0.5 - missing functions: none
symbol engine: initialized successfully - sym options: 0x614 - pdb path: .;C:\Program Files\Java\jdk-18.0.2\bin;C:\WINDOWS\SYSTEM32;C:\WINDOWS\WinSxS\amd64_microsoft.windows.common-controls_6595b64144ccf1df_6.0.22621.436_none_a94247dbc10d8414;C:\Program Files\Java\jdk-18.0.2\bin\server;C:\Users\ryuku\AppData\Local\Temp\lwjglryuku\3.3.1-build-7

VM Arguments:
jvm_args: -Dfile.encoding=UTF-8 -XX:+ShowCodeDetailsInExceptionMessages 
java_command: engine.Main
java_class_path (initial): E:\eclipse-workspace\Everyone is a Protag\bin\default;C:\Users\ryuku\.gradle\caches\modules-2\files-2.1\org.lwjgl\lwjgl-assimp\3.3.1\312072f451794f25670aebb0160ce6ec88aff842\lwjgl-assimp-3.3.1.jar;C:\Users\ryuku\.gradle\caches\modules-2\files-2.1\org.lwjgl\lwjgl-bgfx\3.3.1\4243b7d255d885980f10c36edfb678729493685e\lwjgl-bgfx-3.3.1.jar;C:\Users\ryuku\.gradle\caches\modules-2\files-2.1\org.lwjgl\lwjgl-glfw\3.3.1\cbac1b8d30cb4795149c1ef540f912671a8616d0\lwjgl-glfw-3.3.1.jar;C:\Users\ryuku\.gradle\caches\modules-2\files-2.1\org.lwjgl\lwjgl-nanovg\3.3.1\2f3b4d8f9b8de598517f105ce7e68560f25f11c6\lwjgl-nanovg-3.3.1.jar;C:\Users\ryuku\.gradle\caches\modules-2\files-2.1\org.lwjgl\lwjgl-nuklear\3.3.1\628ccf80db3d623f1f559978e4246a23b2d1eeb1\lwjgl-nuklear-3.3.1.jar;C:\Users\ryuku\.gradle\caches\modules-2\files-2.1\org.lwjgl\lwjgl-openal\3.3.1\2623a6b8ae1dfcd880738656a9f0243d2e6840bd\lwjgl-openal-3.3.1.jar;C:\Users\ryuku\.gradle\caches\modules-2\files-2.1\org.lwjgl\lwjgl-opengl\3.3.1\831a5533a21a5f4f81bbc51bb13e9899319b5411\lwjgl-opengl-3.3.1.jar;C:\Users\ryuku\.gradle\caches\modules-2\files-2.1\org.lwjgl\lwjgl-par\3.3.1\5615580f6064af74d976a38274c7a07b44237996\lwjgl-par-3.3.1.jar;C:\Users\ryuku\.gradle\caches\modules-2\files-2.1\org.lwjgl\lwjgl-stb\3.3.1\b119297cf8ed01f247abe8685857f8e7fcf5980f\lwjgl-stb-3.3.1.jar;C:\Users\ryuku\.gradle\caches\modules-2\files-2.1\org.lwjgl\lwjgl-vulkan\3.3.1\4af1ebb27699d743aba74797b7ac4567f3f1fd4a\lwjgl-vulkan-3.3.1.jar;C:\Users\ryuku\.gradle\caches\modules-2\files-2.1\org.lwjgl\lwjgl\3.3.1\ae58664f88e18a9bb2c77b063833ca7aaec484cb\lwjgl-3.3.1.jar;C:\Users\ryuku\.gradle\caches\modules-2\files-2.1\org.joml\joml\1.10.4\19cb0a0f0f8a938785ebd5b2a2268ea2e65dabae\joml-1.10.4.jar;C:\Users\ryuku\.gradle\caches\modules-2\files-2.1\org.lwjgl\lwjgl-assimp\3.3.1\bfa2a0d57acbf952b716d0ad8a3acbd7ad9f5639\lwjgl-assimp-3.3.1-natives-windows.jar;C:\Users\ryuku\.gradle\caches\modules-2\files-2.1\org.lwjgl\lwjgl-bgfx\3.3.1\12f22e13c99db9153124dbc17b84fe0233c6f3d5\lwjgl-bgfx-3.3.1-natives-windows.jar;C:\Users\ryuku\.gradle\caches\modules-2\files-2.1\org.lwjgl\lwjgl-glfw\3.3.1\ed892f945cf7e79c8756796f32d00fa4ceaf573b\lwjgl-glfw-3.3.1-natives-windows.jar;C:\Users\ryuku\.gradle\caches\modules-2\files-2.1\org.lwjgl\lwjgl-nanovg\3.3.1\1da0ba083ec772b85b3ea49ba4a3750bf8c7f4e1\lwjgl-nanovg-3.3.1-natives-windows.jar;C:\Users\ryuku\.gradle\caches\modules-2\files-2.1\org.lwjgl\lwjgl-nuklear\3.3.1\755c93226fa44597741e37c6649e86cefa46b262\lwjgl-nuklear-3.3.1-natives-windows.jar;C:\Users\ryuku\.gradle\caches\modules-2\files-2.1\org.lwjgl\lwjgl-openal\3.3.1\30a474d0e57193d7bc128849a3ab66bc9316fdb1\lwjgl-openal-3.3.1-natives-windows.jar;C:\Users\ryuku\.gradle\caches\modules-2\files-2.1\org.lwjgl\lwjgl-opengl\3.3.1\c1807e9bd571402787d7e37e3029776ae2513bb8\lwjgl-opengl-3.3.1-natives-windows.jar;C:\Users\ryuku\.gradle\caches\modules-2\files-2.1\org.lwjgl\lwjgl-par\3.3.1\cf58334d830c59cf1f3d005ea2cc341c8001b9\lwjgl-par-3.3.1-natives-windows.jar;C:\Users\ryuku\.gradle\caches\modules-2\files-2.1\org.lwjgl\lwjgl-stb\3.3.1\86315914ac119efdb02dc9e8e978ade84f1702af\lwjgl-stb-3.3.1-natives-windows.jar;C:\Users\ryuku\.gradle\caches\modules-2\files-2.1\org.lwjgl\lwjgl\3.3.1\36c37f16ab611b3aa11f3bcf80b1d509b4ce6b\lwjgl-3.3.1-natives-windows.jar
Launcher Type: SUN_STANDARD

[Global flags]
     intx CICompilerCount                          = 3                                         {product} {ergonomic}
     uint ConcGCThreads                            = 1                                         {product} {ergonomic}
     uint G1ConcRefinementThreads                  = 4                                         {product} {ergonomic}
   size_t G1HeapRegionSize                         = 2097152                                   {product} {ergonomic}
    uintx GCDrainStackTargetSize                   = 64                                        {product} {ergonomic}
   size_t InitialHeapSize                          = 234881024                                 {product} {ergonomic}
   size_t MarkStackSize                            = 4194304                                   {product} {ergonomic}
   size_t MaxHeapSize                              = 3735027712                                {product} {ergonomic}
   size_t MaxNewSize                               = 2239758336                                {product} {ergonomic}
   size_t MinHeapDeltaBytes                        = 2097152                                   {product} {ergonomic}
   size_t MinHeapSize                              = 8388608                                   {product} {ergonomic}
    uintx NonNMethodCodeHeapSize                   = 5832780                                {pd product} {ergonomic}
    uintx NonProfiledCodeHeapSize                  = 122912730                              {pd product} {ergonomic}
    uintx ProfiledCodeHeapSize                     = 122912730                              {pd product} {ergonomic}
    uintx ReservedCodeCacheSize                    = 251658240                              {pd product} {ergonomic}
     bool SegmentedCodeCache                       = true                                      {product} {ergonomic}
     bool ShowCodeDetailsInExceptionMessages       = true                                   {manageable} {command line}
   size_t SoftMaxHeapSize                          = 3735027712                             {manageable} {ergonomic}
     bool UseCompressedClassPointers               = true                           {product lp64_product} {ergonomic}
     bool UseCompressedOops                        = true                           {product lp64_product} {ergonomic}
     bool UseG1GC                                  = true                                      {product} {ergonomic}
     bool UseLargePagesIndividualAllocation        = false                                  {pd product} {ergonomic}

Logging:
Log output configuration:
 #0: stdout all=warning uptime,level,tags foldmultilines=false
 #1: stderr all=off uptime,level,tags foldmultilines=false

Environment Variables:
JAVA_HOME=C:\Program Files\Java\jdk-18.0.2
PATH=C:/Users/ryuku/.p2/pool/plugins/org.eclipse.justj.openjdk.hotspot.jre.full.win32.x86_64_17.0.3.v20220515-1416/jre/bin/server;C:/Users/ryuku/.p2/pool/plugins/org.eclipse.justj.openjdk.hotspot.jre.full.win32.x86_64_17.0.3.v20220515-1416/jre/bin;C:\Program Files\PlasticSCM5\server;C:\Program Files\PlasticSCM5\client;C:\Program Files (x86)\Razer\ChromaBroadcast\bin;C:\Program Files\Razer\ChromaBroadcast\bin;C:\Program Files\Common Files\Oracle\Java\javapath;C:\Windows\system32;C:\Windows;C:\Windows\System32\Wbem;C:\Windows\System32\WindowsPowerShell\v1.0\;C:\Windows\System32\OpenSSH\;C:\Program Files (x86)\dotnet\;C:\Program Files\dotnet\;C:\Windows\system32\config\systemprofile\AppData\Local\Microsoft\WindowsApps;;C:\WINDOWS\system32;C:\WINDOWS;C:\WINDOWS\System32\Wbem;C:\WINDOWS\System32\WindowsPowerShell\v1.0\;C:\WINDOWS\System32\OpenSSH\;C:\Users\ryuku\AppData\Local\Programs\Python\Python310\Scripts\;C:\Users\ryuku\AppData\Local\Programs\Python\Python310\;C:\Users\ryuku\AppData\Local\Microsoft\WindowsApps;C:\Users\ryuku\AppData\Local\Programs\Microsoft VS Code\bin;C:\Program Files\Java\jdk-18.0.2\bin;C:\Users\ryuku\AppData\Local\GitHubDesktop\bin;E:\tools;E:\ffmpeg\bin;;C:\Users\ryuku\OneDrive\??????;
USERNAME=ryuku
OS=Windows_NT
PROCESSOR_IDENTIFIER=AMD64 Family 23 Model 24 Stepping 1, AuthenticAMD



---------------  S Y S T E M  ---------------

OS:
 Windows 11 , 64 bit Build 22621 (10.0.22621.436)
OS uptime: 1 days 18:38 hours
Hyper-V role detected

CPU: total 4 (initial active 4) (4 cores per cpu, 1 threads per core) family 23 model 24 stepping 1 microcode 0x0, cx8, cmov, fxsr, mmx, 3dnowpref, sse, sse2, sse3, ssse3, sse4a, sse4.1, sse4.2, popcnt, lzcnt, tsc, tscinvbit, avx, avx2, aes, clmul, bmi1, bmi2, adx, sha, fma, vzeroupper, clflush, clflushopt, hv

Memory: 4k page, system-wide physical 14246M (6965M free)
TotalPageFile size 19366M (AvailPageFile size 8164M)
current process WorkingSet (physical memory assigned to process): 42M, peak: 42M
current process commit charge ("private bytes"): 306M, peak: 306M

vm_info: Java HotSpot(TM) 64-Bit Server VM (18.0.2+9-61) for windows-amd64 JRE (18.0.2+9-61), built on Jun  7 2022 13:09:01 by "mach5one" with MS VC++ 16.8 / 16.9 (VS2019)

END.
